<?xml version="1.0" encoding="UTF-8"?>
<robot generator="Robot 6.0.2 (Python 3.11.2 on win32)" generated="20230606 17:53:01.485" rpa="false" schemaversion="3">
<suite id="s1" name="LinkPagamento" source="C:\AuTONmação\Cenarios\LinkPagamento.robot">
<test id="s1-t1" name="CT03 - Encerramento do link de pagamento" line="34">
<kw name="Dado que estou logado com um usuario pessoa física seller" library="base">
<kw name="Open session" library="base">
<kw name="Open Application" library="AppiumLibrary">
<arg>http://localhost:4723/wd/hub</arg>
<arg>automationName=UiAutomator2</arg>
<arg>platformName=Android</arg>
<arg>deviceName=Android Emulator</arg>
<arg>appPackage=br.com.stone.ton.preprd</arg>
<arg>appActivity=br.com.stone.ton.MainActivity</arg>
<arg>udid=emulator-5554</arg>
<doc>Opens a new application to given Appium server.
Capabilities of appium server, Android and iOS,
Please check https://github.com/appium/appium/blob/master/docs/en/writing-running-appium/server-args.md
| *Option*            | *Man.* | *Description*     |
| remote_url          | Yes    | Appium server url |
| alias               | no     | alias             |
| strict_ssl          | No     | allows you to send commands to an invalid certificate host like a self-signed one. |</doc>
<status status="PASS" starttime="20230606 17:53:01.951" endtime="20230606 17:53:21.551"/>
</kw>
<status status="PASS" starttime="20230606 17:53:01.951" endtime="20230606 17:53:21.551"/>
</kw>
<kw name="Wait Until Element Is Visible" library="AppiumLibrary">
<arg>${BTN_PERMISSAO}</arg>
<arg>30</arg>
<doc>Waits until element specified with `locator` is visible.</doc>
<msg timestamp="20230606 17:53:37.922" level="INFO">criteria is com.android.permissioncontroller:id/permission_allow_foreground_only_button
criteria is com.android.permissioncontroller:id/permission_allow_foreground_only_button
criteria is com.android.permissioncontroller:id/permission_allow_foreground_only_button
criteria is com.android.permissioncontroller:id/permission_allow_foreground_only_button
criteria is com.android.permissioncontroller:id/permission_allow_foreground_only_button
criteria is com.android.permissioncontroller:id/permission_allow_foreground_only_button
criteria is com.android.permissioncontroller:id/permission_allow_foreground_only_button
criteria is com.android.permissioncontroller:id/permission_allow_foreground_only_button
criteria is com.android.permissioncontroller:id/permission_allow_foreground_only_button
criteria is com.android.permissioncontroller:id/permission_allow_foreground_only_button
criteria is com.android.permissioncontroller:id/permission_allow_foreground_only_button
criteria is com.android.permissioncontroller:id/permission_allow_foreground_only_button
criteria is com.android.permissioncontroller:id/permission_allow_foreground_only_button
criteria is com.android.permissioncontroller:id/permission_allow_foreground_only_button
criteria is com.android.permissioncontroller:id/permission_allow_foreground_only_button
criteria is com.android.permissioncontroller:id/permission_allow_foreground_only_button
criteria is com.android.permissioncontroller:id/permission_allow_foreground_only_button
criteria is com.android.permissioncontroller:id/permission_allow_foreground_only_button</msg>
<status status="PASS" starttime="20230606 17:53:21.551" endtime="20230606 17:53:37.922"/>
</kw>
<kw name="Click Element" library="AppiumLibrary">
<arg>${BTN_PERMISSAO}</arg>
<doc>Click element identified by `locator`.</doc>
<msg timestamp="20230606 17:53:37.927" level="INFO">Clicking element 'id=com.android.permissioncontroller:id/permission_allow_foreground_only_button'.</msg>
<msg timestamp="20230606 17:53:38.278" level="INFO">criteria is com.android.permissioncontroller:id/permission_allow_foreground_only_button</msg>
<status status="PASS" starttime="20230606 17:53:37.922" endtime="20230606 17:53:38.278"/>
</kw>
<kw name="Wait Until Element Is Visible" library="AppiumLibrary">
<arg>${BTN_ENTRAR}</arg>
<arg>10</arg>
<doc>Waits until element specified with `locator` is visible.</doc>
<msg timestamp="20230606 17:53:43.891" level="INFO">xpath criteria: /hierarchy/android.widget.FrameLayout/android.widget.LinearLayout/android.widget.FrameLayout/android.widget.LinearLayout/android.widget.FrameLayout/android.widget.FrameLayout/android.view.ViewGroup/android.view.ViewGroup/android.view.ViewGroup/android.widget.FrameLayout/android.view.ViewGroup/android.view.ViewGroup/android.view.ViewGroup/android.view.ViewGroup/android.view.ViewGroup/android.view.ViewGroup/android.widget.FrameLayout/android.view.ViewGroup/android.view.ViewGroup/android.view.ViewGroup/android.view.ViewGroup/android.view.ViewGroup/android.view.ViewGroup/android.view.ViewGroup[2]
xpath criteria: /hierarchy/android.widget.FrameLayout/android.widget.LinearLayout/android.widget.FrameLayout/android.widget.LinearLayout/android.widget.FrameLayout/android.widget.FrameLayout/android.view.ViewGroup/android.view.ViewGroup/android.view.ViewGroup/android.widget.FrameLayout/android.view.ViewGroup/android.view.ViewGroup/android.view.ViewGroup/android.view.ViewGroup/android.view.ViewGroup/android.view.ViewGroup/android.widget.FrameLayout/android.view.ViewGroup/android.view.ViewGroup/android.view.ViewGroup/android.view.ViewGroup/android.view.ViewGroup/android.view.ViewGroup/android.view.ViewGroup[2]</msg>
<status status="PASS" starttime="20230606 17:53:38.278" endtime="20230606 17:53:43.891"/>
</kw>
<kw name="Element Should Be Visible" library="AppiumLibrary">
<arg>${BTN_ENTRAR}</arg>
<doc>Verifies that element identified with locator is visible.</doc>
<msg timestamp="20230606 17:53:44.084" level="INFO">xpath criteria: /hierarchy/android.widget.FrameLayout/android.widget.LinearLayout/android.widget.FrameLayout/android.widget.LinearLayout/android.widget.FrameLayout/android.widget.FrameLayout/android.view.ViewGroup/android.view.ViewGroup/android.view.ViewGroup/android.widget.FrameLayout/android.view.ViewGroup/android.view.ViewGroup/android.view.ViewGroup/android.view.ViewGroup/android.view.ViewGroup/android.view.ViewGroup/android.widget.FrameLayout/android.view.ViewGroup/android.view.ViewGroup/android.view.ViewGroup/android.view.ViewGroup/android.view.ViewGroup/android.view.ViewGroup/android.view.ViewGroup[2]</msg>
<status status="PASS" starttime="20230606 17:53:43.891" endtime="20230606 17:53:44.084"/>
</kw>
<kw name="Click Element" library="AppiumLibrary">
<arg>${BTN_ENTRAR}</arg>
<doc>Click element identified by `locator`.</doc>
<msg timestamp="20230606 17:53:44.088" level="INFO">Clicking element 'xpath=/hierarchy/android.widget.FrameLayout/android.widget.LinearLayout/android.widget.FrameLayout/android.widget.LinearLayout/android.widget.FrameLayout/android.widget.FrameLayout/android.view.ViewGroup/android.view.ViewGroup/android.view.ViewGroup/android.widget.FrameLayout/android.view.ViewGroup/android.view.ViewGroup/android.view.ViewGroup/android.view.ViewGroup/android.view.ViewGroup/android.view.ViewGroup/android.widget.FrameLayout/android.view.ViewGroup/android.view.ViewGroup/android.view.ViewGroup/android.view.ViewGroup/android.view.ViewGroup/android.view.ViewGroup/android.view.ViewGroup[2]'.</msg>
<msg timestamp="20230606 17:53:45.259" level="INFO">xpath criteria: /hierarchy/android.widget.FrameLayout/android.widget.LinearLayout/android.widget.FrameLayout/android.widget.LinearLayout/android.widget.FrameLayout/android.widget.FrameLayout/android.view.ViewGroup/android.view.ViewGroup/android.view.ViewGroup/android.widget.FrameLayout/android.view.ViewGroup/android.view.ViewGroup/android.view.ViewGroup/android.view.ViewGroup/android.view.ViewGroup/android.view.ViewGroup/android.widget.FrameLayout/android.view.ViewGroup/android.view.ViewGroup/android.view.ViewGroup/android.view.ViewGroup/android.view.ViewGroup/android.view.ViewGroup/android.view.ViewGroup[2]</msg>
<status status="PASS" starttime="20230606 17:53:44.084" endtime="20230606 17:53:45.260"/>
</kw>
<kw name="Wait Until Element Is Visible" library="AppiumLibrary">
<arg>${INPUT_EMAIL}</arg>
<doc>Waits until element specified with `locator` is visible.</doc>
<msg timestamp="20230606 17:53:48.416" level="INFO">xpath criteria: /hierarchy/android.widget.FrameLayout/android.widget.LinearLayout/android.widget.FrameLayout/android.widget.LinearLayout/android.widget.FrameLayout/android.widget.FrameLayout/android.view.ViewGroup/android.view.ViewGroup/android.view.ViewGroup/android.widget.FrameLayout/android.view.ViewGroup/android.view.ViewGroup/android.view.ViewGroup/android.view.ViewGroup/android.view.ViewGroup/android.view.ViewGroup/android.widget.FrameLayout/android.view.ViewGroup/android.view.ViewGroup/android.view.ViewGroup/android.view.ViewGroup/android.view.ViewGroup/android.view.ViewGroup[2]/android.widget.ScrollView/android.view.ViewGroup/android.view.ViewGroup[1]/android.widget.EditText
xpath criteria: /hierarchy/android.widget.FrameLayout/android.widget.LinearLayout/android.widget.FrameLayout/android.widget.LinearLayout/android.widget.FrameLayout/android.widget.FrameLayout/android.view.ViewGroup/android.view.ViewGroup/android.view.ViewGroup/android.widget.FrameLayout/android.view.ViewGroup/android.view.ViewGroup/android.view.ViewGroup/android.view.ViewGroup/android.view.ViewGroup/android.view.ViewGroup/android.widget.FrameLayout/android.view.ViewGroup/android.view.ViewGroup/android.view.ViewGroup/android.view.ViewGroup/android.view.ViewGroup/android.view.ViewGroup[2]/android.widget.ScrollView/android.view.ViewGroup/android.view.ViewGroup[1]/android.widget.EditText
xpath criteria: /hierarchy/android.widget.FrameLayout/android.widget.LinearLayout/android.widget.FrameLayout/android.widget.LinearLayout/android.widget.FrameLayout/android.widget.FrameLayout/android.view.ViewGroup/android.view.ViewGroup/android.view.ViewGroup/android.widget.FrameLayout/android.view.ViewGroup/android.view.ViewGroup/android.view.ViewGroup/android.view.ViewGroup/android.view.ViewGroup/android.view.ViewGroup/android.widget.FrameLayout/android.view.ViewGroup/android.view.ViewGroup/android.view.ViewGroup/android.view.ViewGroup/android.view.ViewGroup/android.view.ViewGroup[2]/android.widget.ScrollView/android.view.ViewGroup/android.view.ViewGroup[1]/android.widget.EditText</msg>
<status status="PASS" starttime="20230606 17:53:45.260" endtime="20230606 17:53:48.417"/>
</kw>
<kw name="Input Text" library="AppiumLibrary">
<arg>${INPUT_EMAIL}</arg>
<arg>${EMAIL}</arg>
<doc>Types the given `text` into text field identified by `locator`.</doc>
<msg timestamp="20230606 17:53:48.421" level="INFO">Typing text 'matheus.lperes+autonmacao3@stone.com.br' into text field 'xpath=/hierarchy/android.widget.FrameLayout/android.widget.LinearLayout/android.widget.FrameLayout/android.widget.LinearLayout/android.widget.FrameLayout/android.widget.FrameLayout/android.view.ViewGroup/android.view.ViewGroup/android.view.ViewGroup/android.widget.FrameLayout/android.view.ViewGroup/android.view.ViewGroup/android.view.ViewGroup/android.view.ViewGroup/android.view.ViewGroup/android.view.ViewGroup/android.widget.FrameLayout/android.view.ViewGroup/android.view.ViewGroup/android.view.ViewGroup/android.view.ViewGroup/android.view.ViewGroup/android.view.ViewGroup[2]/android.widget.ScrollView/android.view.ViewGroup/android.view.ViewGroup[1]/android.widget.EditText'</msg>
<msg timestamp="20230606 17:53:48.702" level="INFO">xpath criteria: /hierarchy/android.widget.FrameLayout/android.widget.LinearLayout/android.widget.FrameLayout/android.widget.LinearLayout/android.widget.FrameLayout/android.widget.FrameLayout/android.view.ViewGroup/android.view.ViewGroup/android.view.ViewGroup/android.widget.FrameLayout/android.view.ViewGroup/android.view.ViewGroup/android.view.ViewGroup/android.view.ViewGroup/android.view.ViewGroup/android.view.ViewGroup/android.widget.FrameLayout/android.view.ViewGroup/android.view.ViewGroup/android.view.ViewGroup/android.view.ViewGroup/android.view.ViewGroup/android.view.ViewGroup[2]/android.widget.ScrollView/android.view.ViewGroup/android.view.ViewGroup[1]/android.widget.EditText</msg>
<status status="PASS" starttime="20230606 17:53:48.417" endtime="20230606 17:53:48.702"/>
</kw>
<kw name="Input Password" library="AppiumLibrary">
<arg>${INPUT_SENHA}</arg>
<arg>${SENHA}</arg>
<doc>Types the given password into text field identified by `locator`.</doc>
<msg timestamp="20230606 17:53:48.709" level="INFO">Typing password into text field 'xpath=/hierarchy/android.widget.FrameLayout/android.widget.LinearLayout/android.widget.FrameLayout/android.widget.LinearLayout/android.widget.FrameLayout/android.widget.FrameLayout/android.view.ViewGroup/android.view.ViewGroup/android.view.ViewGroup/android.widget.FrameLayout/android.view.ViewGroup/android.view.ViewGroup/android.view.ViewGroup/android.view.ViewGroup/android.view.ViewGroup/android.view.ViewGroup/android.widget.FrameLayout/android.view.ViewGroup/android.view.ViewGroup/android.view.ViewGroup/android.view.ViewGroup/android.view.ViewGroup/android.view.ViewGroup[2]/android.widget.ScrollView/android.view.ViewGroup/android.view.ViewGroup[2]/android.widget.EditText'</msg>
<msg timestamp="20230606 17:53:49.790" level="INFO">xpath criteria: /hierarchy/android.widget.FrameLayout/android.widget.LinearLayout/android.widget.FrameLayout/android.widget.LinearLayout/android.widget.FrameLayout/android.widget.FrameLayout/android.view.ViewGroup/android.view.ViewGroup/android.view.ViewGroup/android.widget.FrameLayout/android.view.ViewGroup/android.view.ViewGroup/android.view.ViewGroup/android.view.ViewGroup/android.view.ViewGroup/android.view.ViewGroup/android.widget.FrameLayout/android.view.ViewGroup/android.view.ViewGroup/android.view.ViewGroup/android.view.ViewGroup/android.view.ViewGroup/android.view.ViewGroup[2]/android.widget.ScrollView/android.view.ViewGroup/android.view.ViewGroup[2]/android.widget.EditText</msg>
<status status="PASS" starttime="20230606 17:53:48.703" endtime="20230606 17:53:49.790"/>
</kw>
<kw name="Click Element" library="AppiumLibrary">
<arg>${BTN_LOGIN}</arg>
<doc>Click element identified by `locator`.</doc>
<msg timestamp="20230606 17:53:49.796" level="INFO">Clicking element 'accessibility_id=btn-login'.</msg>
<status status="PASS" starttime="20230606 17:53:49.791" endtime="20230606 17:53:51.132"/>
</kw>
<status status="PASS" starttime="20230606 17:53:01.950" endtime="20230606 17:53:51.132"/>
</kw>
<kw name="E Listo os links de pagamento" library="base">
<kw name="Wait Until Element Is Visible" library="AppiumLibrary">
<arg>${ICON_LINK}</arg>
<arg>30s</arg>
<doc>Waits until element specified with `locator` is visible.</doc>
<status status="PASS" starttime="20230606 17:53:51.134" endtime="20230606 17:54:09.785"/>
</kw>
<kw name="Element Should Be Visible" library="AppiumLibrary">
<arg>${ICON_LINK}</arg>
<doc>Verifies that element identified with locator is visible.</doc>
<status status="PASS" starttime="20230606 17:54:09.785" endtime="20230606 17:54:10.443"/>
</kw>
<kw name="Click Element" library="AppiumLibrary">
<arg>${ICON_LINK}</arg>
<doc>Click element identified by `locator`.</doc>
<msg timestamp="20230606 17:54:10.448" level="INFO">Clicking element 'accessibility_id=btn-payment-link'.</msg>
<status status="PASS" starttime="20230606 17:54:10.443" endtime="20230606 17:54:11.537"/>
</kw>
<kw name="Wait Until Element Is Visible" library="AppiumLibrary">
<arg>${FILTRO_LINK}</arg>
<arg>30s</arg>
<doc>Waits until element specified with `locator` is visible.</doc>
<status status="PASS" starttime="20230606 17:54:11.538" endtime="20230606 17:54:29.946"/>
</kw>
<kw name="Element Should Be Visible" library="AppiumLibrary">
<arg>${FILTRO_LINK}</arg>
<doc>Verifies that element identified with locator is visible.</doc>
<status status="PASS" starttime="20230606 17:54:29.946" endtime="20230606 17:54:30.079"/>
</kw>
<status status="PASS" starttime="20230606 17:53:51.134" endtime="20230606 17:54:30.080"/>
</kw>
<kw name="E escolho um link com o status ativo" library="base">
<kw name="Wait Until Page Contains" library="AppiumLibrary">
<arg>Aguardando pagamento</arg>
<arg>10s</arg>
<doc>Waits until `text` appears on current page.</doc>
<status status="PASS" starttime="20230606 17:54:30.081" endtime="20230606 17:54:30.380"/>
</kw>
<kw name="Page Should Contain Text" library="AppiumLibrary">
<arg>Aguardando pagamento</arg>
<doc>Verifies that current page contains `text`.</doc>
<msg timestamp="20230606 17:54:31.321" level="INFO">Current page contains text 'Aguardando pagamento'.</msg>
<status status="PASS" starttime="20230606 17:54:30.380" endtime="20230606 17:54:31.321"/>
</kw>
<kw name="Click Text" library="AppiumLibrary">
<arg>Aguardando pagamento</arg>
<doc>Click text identified by ``text``.</doc>
<msg timestamp="20230606 17:54:31.637" level="INFO">xpath criteria: //*[contains(@text,"Aguardando pagamento")]</msg>
<status status="PASS" starttime="20230606 17:54:31.321" endtime="20230606 17:54:31.637"/>
</kw>
<status status="PASS" starttime="20230606 17:54:30.080" endtime="20230606 17:54:31.638"/>
</kw>
<kw name="Quando clico em encerrar o link" library="base">
<kw name="Wait Until Element Is Visible" library="AppiumLibrary">
<arg>${BTNC_ENCERRAR_LINK}</arg>
<arg>15s</arg>
<doc>Waits until element specified with `locator` is visible.</doc>
<status status="PASS" starttime="20230606 17:54:31.639" endtime="20230606 17:54:37.513"/>
</kw>
<kw name="Element Should Be Visible" library="AppiumLibrary">
<arg>${BTNC_ENCERRAR_LINK}</arg>
<doc>Verifies that element identified with locator is visible.</doc>
<status status="PASS" starttime="20230606 17:54:37.513" endtime="20230606 17:54:37.682"/>
</kw>
<kw name="Click Element" library="AppiumLibrary">
<arg>${BTNC_ENCERRAR_LINK}</arg>
<doc>Click element identified by `locator`.</doc>
<msg timestamp="20230606 17:54:37.687" level="INFO">Clicking element 'accessibility_id=btn-cancel-link'.</msg>
<status status="PASS" starttime="20230606 17:54:37.683" endtime="20230606 17:54:38.384"/>
</kw>
<status status="PASS" starttime="20230606 17:54:31.638" endtime="20230606 17:54:38.385"/>
</kw>
<kw name="E confirmo que desejo encerrar o link" library="base">
<kw name="Wait Until Page Contains" library="AppiumLibrary">
<arg>Deseja encerrar esse link?</arg>
<arg>15s</arg>
<doc>Waits until `text` appears on current page.</doc>
<status status="PASS" starttime="20230606 17:54:38.386" endtime="20230606 17:54:40.129"/>
</kw>
<kw name="Page Should Contain Text" library="AppiumLibrary">
<arg>Deseja encerrar esse link?</arg>
<doc>Verifies that current page contains `text`.</doc>
<msg timestamp="20230606 17:54:40.234" level="INFO">Current page contains text 'Deseja encerrar esse link?'.</msg>
<status status="PASS" starttime="20230606 17:54:40.129" endtime="20230606 17:54:40.234"/>
</kw>
<kw name="Click Element" library="AppiumLibrary">
<arg>${CONFIRMACAO}</arg>
<doc>Click element identified by `locator`.</doc>
<msg timestamp="20230606 17:54:40.239" level="INFO">Clicking element 'xpath=/hierarchy/android.widget.FrameLayout/android.widget.LinearLayout/android.widget.FrameLayout/android.widget.FrameLayout/android.view.ViewGroup/android.view.ViewGroup/android.view.ViewGroup/android.view.ViewGroup/android.view.ViewGroup[3]'.</msg>
<msg timestamp="20230606 17:54:41.006" level="INFO">xpath criteria: /hierarchy/android.widget.FrameLayout/android.widget.LinearLayout/android.widget.FrameLayout/android.widget.FrameLayout/android.view.ViewGroup/android.view.ViewGroup/android.view.ViewGroup/android.view.ViewGroup/android.view.ViewGroup[3]</msg>
<status status="PASS" starttime="20230606 17:54:40.234" endtime="20230606 17:54:41.006"/>
</kw>
<status status="PASS" starttime="20230606 17:54:38.385" endtime="20230606 17:54:41.006"/>
</kw>
<kw name="Então o link é Cancelado" library="base">
<kw name="Wait Until Page Contains" library="AppiumLibrary">
<arg>Link cancelado</arg>
<arg>15s</arg>
<doc>Waits until `text` appears on current page.</doc>
<status status="PASS" starttime="20230606 17:54:41.008" endtime="20230606 17:54:46.066"/>
</kw>
<kw name="Page Should Contain Text" library="AppiumLibrary">
<arg>Link cancelado</arg>
<doc>Verifies that current page contains `text`.</doc>
<msg timestamp="20230606 17:54:46.642" level="INFO">Current page contains text 'Link cancelado'.</msg>
<status status="PASS" starttime="20230606 17:54:46.066" endtime="20230606 17:54:46.642"/>
</kw>
<kw name="Page Should Contain Text" library="AppiumLibrary">
<arg>Este link de pagamento está com o status de cancelado e não poderá receber novos pagamentos</arg>
<doc>Verifies that current page contains `text`.</doc>
<msg timestamp="20230606 17:54:46.754" level="INFO">Current page contains text 'Este link de pagamento está com o status de cancelado e não poderá receber novos pagamentos'.</msg>
<status status="PASS" starttime="20230606 17:54:46.642" endtime="20230606 17:54:46.754"/>
</kw>
<kw name="Capture Page Screenshot" library="AppiumLibrary">
<doc>Takes a screenshot of the current page and embeds it into the log.</doc>
<msg timestamp="20230606 17:54:47.267" level="INFO" html="true">&lt;/td&gt;&lt;/tr&gt;&lt;tr&gt;&lt;td colspan="3"&gt;&lt;img src="data:image/png;base64, iVBORw0KGgoAAAANSUhEUgAABDgAAAjoCAYAAAA5jhrUAAAAAXNSR0IArs4c6QAAAARzQklUCAgI
CHwIZIgAACAASURBVHic7N13eFRlwv7xeyaFkAIJCYSSKBB6WUKTphSxIAhKF33dxRJ9Eduy6rry
WnYXUVxXUWHVxcZaQVYFKVIUBanCAgKhBZKQ0AkhhRSSzPn9wS+zmdRJMiUHvp/rmss8Z845z3OO
A+Hc8xSLYRiGAAAAAAAATMzq7QYAAAAAAADUFgEHAAAAAAAwPQIOAAAAAABgegQcAAAAAADA9Ag4
AAAAAACA6RFwAAAAAAAA0yPgAAAAAAAApkfAAQAAAAAATI+AAwAAAAAAmB4BBwAAAAAAMD0CDgAA
AAAAYHoEHAAAAAAAwPQIOAAAAAAAgOkRcAAAAAAAANMj4AAAAAAAAKZHwAEAAAAAAEyPgAMAAAAA
AJgeAQcAAAAAADA9Ag4AAAAAAGB6BBwAAAAAAMD0CDgAAAAAAIDpEXAAAAAAAADT8/V2AwDAUwzD
0JkzZ7RmzRrt3btXaWlp5e7n4+OjZs2a6ZprrlH//v0VFBQki8Xi4dYCAAAAqA6LYRiGtxsBAO5U
UFCgL774Qlu2bFFhYaEMw5DFYlHJv/4qKlssFtWvX1+jRo3SkCFDvNF8AAAAAE4g4ABKyc/PV2Fh
YbnvWSwW+fv7y9eXzk9mYLPZNGfOHMXHx6u2f9UV9+D4xz/+IauV0X0AAMD8cnJydOzYMWVkZCg7
O1s5OTkKDAxUcHCwGjZsqBYtWigwMNDbzXS5lJQURUdHe6SujRs36ty5c5Xuc+utt3qkLVcCntKA
Emw2m1avXq1Dhw6VG3IEBgZq4MCB6tKlC0MW6rhDhw7ptddek81mc8n5igOSjRs36tprr3XJOQEA
ADwpOTlZ+/fv14EDB5SSkqLMzMwqj2nQoIGio6PVvn17dezYUVdddZUHWuo+8+fPV6NGjTwWcGza
tEkHDx6sdB8CDtch4ABKSElJ0Y4dO5SamlrhPo0aNVKLFi3UqFEjD7YM1fHxxx9rw4YNte61UZ6v
v/7aHnCcPn1aTZo0cXkdAAAArnL27Flt3LhRmzdvrnD+scpkZmZq79692rt3ryQpPDxcffv2Vf/+
/RUREeHq5rrV/PnztXHjRgKFyxgBB1BCZmamCgoKKt3nwoULys3N9VCL6r7ieSrqir/+9a9KTU0t
0yZn59yoqpyTk2O/5vXr1ys0NFRDhw514xUBAABUX3JyspYtW6Zdu3a59LxpaWlatmyZli1bpm7d
umnEiBG6+uqrXVqHOxSHG7i8EXAAJWRkZFQZcOTk5CgvL89DLXINm82mVatW6fjx4y4NI6xWq7p0
6aKePXu67Jy18de//lXHjh2TpDK9N1xVNgxDSUlJatWqlVq2bKl58+bJarUyASkAAKgTkpOT9c03
3yg+Pt7tde3atUu7du1S586dddttt9XZoMMT4UZKSooWLlxY5XCU8jz44IMO5Xbt2mnChAkeG0Zz
OSHgcJGffvpJycnJ1T6ua9eu6t69uynrXrFihc6cOWMv33777WrQoEGNz1cXnD59WhcvXqx0n/Pn
zysrK8tDLaodwzB04cIFvfXWWzX6jDhj06ZNOnXqlIYPH+6W8zvr448/rnRokasYhqG9e/eqVatW
Cg0NlWEYWrBgga6++mq1bt3a7fUDAABU5PDhw5o3b57S09M9Wu/evXt1/PhxxcXFKSYmxqN1V8VT
PTdqGm6U5+DBg1q4cKH+8Ic/uOR8VxICDheJj4/Xzp07q31cs2bNTFn3nj179M033zhsGzFiRI3P
5ylbt25Vbm6uOnXqpPDwcIfVMFJSUpSSkqL8/PxKz5GRkaHExERdddVVDvNw5OXlKTU1VWfOnFGL
Fi3qxARMFotFCQkJ9nDDHXNSWK1Wbd261asBx6FDh7RhwwaP1VccpBSHYYZh6NVXX9Ubb7whPz8/
j7UDAACg2KpVq/T111+7bIL16kpPT9err76qMWPG6MYbb/RKG0rz5LAUV4Ub7jrflYKAw0VqMmGP
WevOycnRwoULPVpnbRmGoePHj+vzzz9XYWGhfHx81KlTJ/Xs2VNt27bV6tWr9csvvygzM1NFRUWV
nuvChQv6/vvvtX//fg0dOlTR0dHau3evfXJSwzDUsWNHTZw4sU5MRFpYWCjDMGS1Wl0yB0XpsmEY
VQ7rcSebzabXXnutzHZXXV955eIZx0v2YLLZbPrLX/6iv/71ry64KgAAAOcUFBToo48+0rZt27zd
FNlsNi1atEhJSUmaPHmyV7/4Yc6NKxMBhwsYhqFTp07ZyzfccIPTMwrXdpyaN+pevny5Q51mYLPZ
tHjxYuXm5tofUnft2qV9+/bJx8dH+fn5KigocKqHQ/ED/dGjR/XZZ5/Jx8dHhYWFKigosIcjSUlJ
2rp1q4YNG+bW66oOd81J4W1z5swp95sKd15vcS+fksm6YRg6c+aMzpw5o8aNG1fjCgAAAGrmwoUL
euONN9w2FLmmtm3bpszMTD344IMKDg72eP2EG1cuAg4XyMnJcZi34dprr3XJ0JO6WHdCQoJWr17t
tvO7g81mU3x8vOLj4x0eUgsLC1VYWFir81a0mkpmZqbi4+PVqVOnOjFUxVnFE5AWrxJSV0KMihQU
FHhkAq3S/Pz8ZBiGUlJSHLYbhqGZM2fq9ddf93ibAADAleedd96pc+FGsYMHD+rdd9/1+DwS5YUb
/fr1U1paGsM+rgDWqndBVbKzsx3KISEhl2Xd+fn5+uKLL+zlfv36ua0uVzEMQ9nZ2fr22289OozC
ZrMpJSVFGzdurHLS0rrEarUqMjJSrVu39ujnuKY+++yzckMYi8Uiq9WqsLAwdezYUTfccIPGjBmj
8ePH6+abb1aHDh3UtGlT+fn51WhVmeJvIsobHpabm6sTJ05U/2IAAACqacKECXV2/i8/Pz9NmDDB
o3VWFG5MnjzZo+2A99CDwwVKhgwBAQEKCgq6LOv+/vvv7d9Y9+rVS3369NGmTZvcVp8rFBYWavPm
zR5ZXaO03NxcHTp0SPHx8YqNjfV4/aVVNceE1WrVddddp1GjRsnf31/Hjx/XG2+8oZycnHJ7dNSF
Hh5bt261/1w8x0jfvn01atQohYWFyTAMJSYmavny5Vq3bp095BoyZIh+//vfS7o0UeimTZu0aNEi
h2FKlV1vs2bNlJOT49ADqOScJJ9++qmeeOIJt18/AAC4skVHR2vy5MmaN2+et5tSxuTJkz26zCnh
BiQCDpcoGTI0bdq0Rt8Il7Z582YtX75c/v7+GjNmjDp16uSxusuTkpKipUuXSpLq16+vMWPGOEyw
WBcV995Yt25dlROHltakSRN17NjR/i1/Tk6Ojhw5osOHDzu9RGzxnAw7duxQp06d5O/vX5PLcJnK
5pSwWCzy8/PT4MGDVb9+fVksFkVHR+vGG2/U4sWLqzzeG86cOWP//xoQEKDJkyfbg6ScnBzNmzdP
O3bssIcOxSwWi8OKL/7+/ho0aJAGDRqks2fPat68eUpOTq7wei0Wizp06KDvv//eYZ+SPx85ckQ2
m81hlR4AAAB36NWrl44ePaqVK1d6uyl2N998s3r16uWx+gg3UIyAwwWKV1SQ5JLJBTMzM/Wvf/3L
/vD2wQcfaNasWfLx8XF73eUpLCzUggUL7O0ZO3aswsPD63zAIV0aKlKdoSn+/v7q1auX+vbtq8jI
SPn7+8tqtaqoqEg9e/ZUQkKC1q5dq6SkpGrV7+0wwBnt2rVzmL/FYrFo6NChWr16tb0XR12yatUq
SdKkSZM0aNAgew+Kt99+W7/++muF7bVYLBVOdhUREaE//elPOnPmjJ5//vkKg7GOHTvq/fffr7Bt
NptN58+frxOr6AAAgMvf6NGjdezYMe3Zs8fbTVGXLl00evRoj9VHuIGS+HrRBUp+o1/ygcYwDOXk
5FT74TA/P9/hwSorK6vCyTBdXXd51q9fr0OHDkmSOnTooP79+9fqfJ5isVjUoEED3X333YqJiXHq
mF69emnIkCGKiYlRaGioAgMD7UN/IiIiFBsbq5tuukmtWrWq8lxBQUG65pprNGzYsDo7NlK6dJ98
fX01bNiwMp8Vf39/devWzUstq1xiYqJef/11DR48WBaLRYmJiZo6dWql4YZ0qXdOVT2dGjdurLlz
56pHjx5l9vXz81NycrJycnIqPN4wDO3cubN6FwQAAFBDFotFcXFxioyM9Go7IiMjFRcX57Ze5aUR
bqA0enC4QEZGhv3noKAg7dq1S//5z38UHx9v72Hh5+enLl26KDY2Vj179qz0gTciIkKDBg3STz/9
JEkaM2aM6tWr55G6Szt16pS++uorSZKPj4/Gjx9fbk+SusrPz08dOnRQgwYN9P3332vLli0VPvw2
adJEffv2VfPmzeXrW/4fjYCAAHXq1EknT57U2bNnKxyuEh4ergEDBuiaa65ReHh4nRiqUNGcEhaL
Rc2bN1ebNm1kGIYKCwuVl5en4OBgGYah2NhYbdy4UVar1WE5Vm/PwfF///d/ki6FCUuWLNF3331X
afuKy61bt3bq/BaLRQ8++KA2b96sjz76yF7Xtddeq7lz55a7f8n69u7dq+uvv75G1wYAAFBdAQEB
mjp1ql566aUKV/pzp/r162vq1KkKCAjwSH3vv/++w3xsEuEGCDhcIj093f7z4sWLy+3WXlBQoB07
dmjHjh1as2aN7r33XjVv3rzc81ksFk2aNEk333yzfHx8FBoa6rG6S7LZbFq0aJF9FZCRI0cqKiqq
yuPqGl9fX0VHR2vEiBHKz8/Xrl27HB6Ei3Xs2FGRkZEVhhvF6tevr5iYGO3fv7/cgCMsLEz9+vXT
tddeq4YNG7rsOmqrojklbDabfvOb39i3nz17VqtWrdJvf/tbSVKbNm0UGBhYpsdCXRiyYhiG5s6d
q927d5f7Xnnlli1bVquOvn37Kjg4WHPmzJHFYlHbtm21du3aKuckYSUVAADgacU9KN566y2P/lvN
0z1Inn32WZ0+fdphG+EGJIaouMTZs2ftPzszmWVKSopef/11HT9+vMJ9LBaLwsPDKw033FV3sS1b
tujXX3+VdGmGZjN/G22xWNSkSRM1b968wi5zTZs2dXoi0NDQ0ArDi8DAQDVr1qxOhRsVKV5OtWvX
rvZfgvv27dPOnTvt4VlgYKCGDRtWJ3qhlPaPf/yj2mNNw8LCql1Ply5dFBcXp6uvvlrz5s1z6h8M
zk5GCwAA4EqdO3fW+PHjPVrn+PHj1blzZ4/URbiBytCDo5YMw3D4A+bv76/hw4frN7/5jcLCwuTr
66vs7GwdPnxYy5Yts3+rm5mZqY8//ljTpk2r8fwM7qw7PT1dX375pb08ceLECofJmImPj0+FAYef
n5/TD/E+Pj4VDtUpDg3MolWrVmrRooW9fPjwYYWFhSkxMVE9evSQYRgaNGiQ1qxZo6ysrDrRc0OS
fvjhB3sAVx01/fPWo0cPff755+X2/imPs/sBAAC42tChQ3Xy5EmtW7fO7XUNHDhQQ4cOdXs9EuEG
qkbA4QLTp09XUlKSkpKSNHDgQIeHRenS5J+NGjVS586d9e6772r//v2SLi0luXPnTvXu3btO1W0Y
hr7++mtduHBBknTDDTeobdu2NW5jXXLx4sUKH9BzcnKcXk724sWL9qE7pdlstgonhfWm8uaksFgs
GjZsmEPwc99995UJgQICAtS2bVtt3769wvN5WskATqp4zo3S5by8vGrXZRiG/vGPfzj0yqiqPm8v
CwwAAK5skyZN0vHjx5WQkOC2Otq0aaNJkya57fwlEW7AGeb5mrmOslgsatasmfr166dJkyaVCRhK
CgwM1N133+0w8c7PP/9c5+reuXOntmzZIunShKfDhw+vcRvrCsMw9Ouvv2rPnj0VfrOemJjo9IRM
p06dqnCZ3PPnz2v37t1OLyXrKeWFEU2aNFHHjh3tgYbNZpPNZlNRUZGKiopks9nsD+49evSQJPu+
3u7JUdUcGBWVa7K88QcffFCmt0hV9ZlhiBIAALh8Wa1WTZkypUbDc50RFhamKVOmeKTncnnhRufO
nQk3UAYBh4dFRERo4MCB9vL+/fsrXW7S03VnZ2dr4cKF9vKECRMUFBTkkfa5S25urtatW6dly5bp
2LFjFT6YJyQkKCEhocpv+NPS0nTgwIEKH5RzcnK0d+9erVq1Srt3766TvTmKtWvXTr6+vjIMQzab
TYcOHVJ8fLz9dfLkSfu+HTp0cNsvyJqo6fJjhw8fdnpfwzD0yiuvlJmh2xnR0dHVPgYAAMCVgoOD
NXXq1BoP0a2In5+fpk6dquDgYJeetzzlhRuSNGzYMLfXDfNhiIoXdOjQQatWrbKX09LSFBgYWCfq
/vbbb3Xu3DlJUp8+fRxW1zCjCxcuaOXKldq+fbvDhKzlycrK0tq1a+Xn56dOnTqpfv36ZfZJS0vT
xo0btXv37kqDkAsXLmjPnj3KyMhQZmam+vTpU+XqLJ5WvASsYRiyWq1KS0vT7NmzHXq4NGnSRH/5
y19ksVgUFBSkvn376rvvvvNiq/+radOmTk2WW9rRo0fty+NWJjc3V08++aQKCgpq1D6z/9kBAACX
h+joaE2ePFnz5s1z2TknT57skS9zKgo3gIrUrSeuK0SjRo0cyp5cp7qyuvft26cff/zRXu7QoYMO
HTpU4blSU1MdykeOHFFaWpq93LZt2xp/y+4KxfMtbNy40ekVLZKSkrR69WqdOnVKrVu3VmhoqHx9
fZWfn69Tp07pwIED2r17t8N1ViQ/P19JSUkKCQlRr169vB5wlJ4jwsfHR82aNZN06V6tXLnSvl/x
f8+cOaP9+/erffv2slqtat26dYXn87TevXtr8eLFFbanonJ6enqlAUdRUZEWLFig9evXO4Q9zp6/
+GdPzSQOAABQlV69euno0aP2f+/Vxs0336xevXq5oFWVI9xATRBweEHp1TecndjS3XWXnrRx/vz5
1Tr3e++951CeM2eOy7vDVYfFYlG9evUUFRWlffv2OX1cYmKi0tLStG/fPjVs2FA+Pj66ePGizpw5
ozNnzlRrksr69esrMjLS6+GGVHaOiKKiIm3dulWDBw/WsWPHtHHjRhmGYd+vOAT44YcfdPXVV6uo
qEirV6+u8Hyedt1112nJkiUO7S2psvLx48cVFRXl8H5hYaEWL16sH374odxhRdU5f7169crtAQQA
AOAto0eP1rFjx7Rnz54an6NLly4aPXq0C1tVPsIN1JT3n7pMzDAMJSYm2stNmzZ1aqhJ6R4bNXkQ
ckfdNZl8sa6rX7++Bg0apKSkpGr1lMnMzFRmZmat6i7uIdG9e/cKl5T1tqVLl2rLli3KzMys8KF+
z549eumll1RYWGgfvlQXBAcHKyAgoNo9oAzD0IIFC/T4448rNzdXW7du1erVq116bX369PFq7yUA
AIDSLBaL4uLiNHPmTJ06darax0dGRiouLs7t/8Yh3EBtEHDUgsVi0UcffWT/C+L+++93asnXkhM3
SqrRxI3uqPv222+vcIWR8pw+fdphbe3hw4c7hCx14aHex8dH7du3V2xsrDZt2uTRukNDQ9WtW7cy
PQXqkoKCAp08ebLc3hglV1Y5c+aMfVnZksMwvMlisWj48OH66quvqt2b5NChQ3riiSeUm5vr8p4o
FovFI99sAAAAVFdAQICmTp2qv/3tb04P4ZakkJAQTZ061WFFRncg3EBtEXDUUtu2be0hw+7du50K
Gf7zn//Yf46Ojq7xcpKurnvo0KHVqn///v0OAce1116r8PDwap3DE+rXr6/rr79e+/fvV3p6ukfq
9Pf3V6tWrdS9e/c6MTxFqnjOiOJQq/T7/v7+Cg4OVlpamgzDUHBwsKxWqzIyMiRdms8lNzfXo3PI
lHbTTTfpq6++klS9OTIMw1C/fv20du1ah8DG2eMrKzdv3pzhKQAAoM6KjIzUlClT9Pe//92pofI+
Pj6aMmWKIiMj3douwg24AsvE1lK3bt3sP2/ZskVHjhypdP/4+Hjt3LnTXr722mtNWbeZWCwWRUVF
qV+/fg7rdDdq1EhdunRR//791aJFi2oHEYGBgWrfvr169eqlVq1aOSynGxERoW7dutWpwMfZOSQs
Fot8fX31wAMP6Nlnn1VsbKwCAgL0+9//Xk8//bSaNWumli1b6o9//KMeeughr86zIknjxo2TVL05
MiRp7dq1evTRR+09Uap7fHlli8Wi6dOnV/MKAAAAPCsmJkZ33HGHU/vecccdiomJcWt7CDfgKnXj
q2UT69Spk1q3bm0PF9577z3dc889atu2bZl99+7dq/fff99eDg8Pr7DXxebNm7V8+XL5+/trzJgx
6tSpk8fqvhxZrVYNHDhQycnJys3NVVhYmFq3bq0OHTooIiJCu3bt0u7du3Xo0CFlZmZWOlTH19dX
TZs2Vfv27dWjRw+Fh4crNTVVhw8fVmpqqnJzc9WuXbty/5+ZhdVqVWRkpOrXr6+wsDD5+fnZ/xsY
GKjg4GAFBwersLDQITTyhqFDh+rbb7+t1uSv0qWhN8uWLdOECRO0cOFClwxVGTJkSJ0YmgUAAFCV
gQMHKiUlxaFHdnn7DBw40K3tINyAKxFw1JKvr6/uuusuzZ49W1lZWUpLS9Orr76qDh06qF27dgoM
DFRubq4OHDig/fv3Oxx75513OnzrXywzM1P/+te/7F3GPvjgA82aNavMg5M76r6chYWF6fbbb1d2
draioqIUEhJi//a+T58+atOmjf79739rz549ys/Pr/A8wcHB6tOnj/r376/g4GD7uTt06KC0tDRl
ZmaqUaNG9ve8yTAMhYaGOiz96oyCggK98847atasmXbv3q38/Hy9++67qlevnpKTk2W1WjVv3jxl
Zmbq4sWLNZpHxlUsFotmzJihJ598stohRUJCgq6//npNnjxZH330Ua1CjrCwME2YMKHGxwMAAHja
pEmTdPz4cSUkJJR5r02bNpo0aZJb6yfcgKsRcLhAVFSUHnvsMc2fP18pKSmSLs1PUTpUKObn56d7
771XXbp0Kff9/Px8h/FwWVlZKiwsLPebYVfXfbm76qqrKnwvPDxcLVq00KFDhyoNOEJDQ9W8efMy
AYafn5+aNm2qpk2buqy9tWWxWNSmTRsNGTJE69atc+iZUtWcEidOnNDx48ft7x06dMj+vs1m06+/
/irDMGS1WjVs2DAPXVH5QkJCNGXKFL399tvVnlNj3rx5mjVrlmbOnKlnnnmmRnNy+Pj46IUXXvD6
xKsAAADVYbVaNWXKFM2YMcNhrrqwsDBNmTLFrT11axtuLFy4sFrznqWmpta4LpgHAYeLREdH68kn
n9Qvv/yidevWKTk5ucw+DRs2VO/evTVkyBBFRERUeK6IiAgNGjRIP/30kyRpzJgxqlevnkfqvtJF
RETI39+/0n0aNGhQJ3pnVMeECRPUp08fXbhwwaUP4RaLReHh4WrSpInLzllT3bp106233qqlS5fK
MAyn59Cw2Wx66qmnNHfuXL399tt6+eWXlZyc7PTxVqtVL774ottnFQcAAHCH4OBgTZ06VbNmzVJB
QYH8/Pw0depUt/571xU9N4q/3AVKshiuXiMRkqTz58/r3Llzys/Pl7+/vwIDA9WkSROnx+cbhqFz
587Jx8dHoaGhHq37SrZv3z4tWLBAJ06cqHCffv36adiwYXWqp4YziifBNMt5a2r58uVasmRJtYeb
WK1Wvfzyy2rYsKGOHTumf/7znzp16lSl5/Hx8dGLL77oMAwIAADAjLZt26Z58+YpLi5OvXr1cls9
dWFYyq233qqRI0e69JyPP/64S1cXrF+/vmbPnu2y810pCDiAEk6fPq3PP/9cR48eLXeiUR8fHw0e
PFiDBg1SSEiIF1oIZxw4cECzZ8+udLLY8vj4+Ojhhx+2TxB79uxZLV++XJs2bXJYYla61Cvqz3/+
swICAjRnzhy1bdtW3bp109mzZ9W1a1fXXhAAAIAHHDlyRK1bt3bb+bdt22bvpV5b0dHR1RqiUlL7
9u3Vrl07l7Sj2LfffqulS5e67HzuCGGuBAQcQClbtmxRamqqCgsLy7xXv359devWTVdffbUXWobq
KCgo0HPPPadz585Jcn5ODYvFos6dO+uRRx6xv2cYhvLz85WamqqNGzfK39/fYWm1r7/+Wn5+fgoJ
CdH58+d12223eeAKAQAAUJccPHhQBw4cqPV53BHAXCkIOABctgzDUGpqqv72t7/p4sWL1Rq2YrFY
dO+99+qaa65xYwsBAAAAuAoBB4ArwtGjR/X5558rOTlZNpvNqbDDarWqXr16euyxx9SqVSsPtBIA
AABATRFwALii2Gw2nTt3Tjt27FB8fLxOnDih7OxsFRQUqF69egoNDVV0dLS6deumzp07KzAwkAlE
AQAAABMg4AAAAAAAAKZn9XYDAAAAAAAAaouAAwAAAAAAmB4BBwAAAAAAMD0CDgAAAAAAYHoEHAAA
AAAAwPQIOAAAAAAAgOkRcAAAAAAAANMj4AAAAAAAAKZHwAEAAAAAAEyPgAMAAAAAAJgeAQcAAAAA
ADA9Ag4AAAAAAGB6BBwAAAAAAMD0CDgAAAAAAIDpEXAAAAAAAADTI+AAAAAAAACmR8ABAAAAAABM
j4ADAAAAAACYHgEHAAAAAAAwPQIOAAAAAABgegQcAAAAAADA9Ag4AAAAAACA6RFwAAAAAAAA0yPg
AAAAAAAApkfAAQAAAAAATI+AAwAAAAAAmB4BBwAAAAAAMD0CDgAAAAAAYHoEHAAAAAAAwPQIOAAA
AAAAgOkRcAAAAAAAANMj4AAAAAAAAKZHwAEAAAAAAEyPgAMAAAAAAJgeAQcAAAAAADA9Ag4AAAAA
AGB6BBwAAAAAAMD0CDgAAAAAAIDpEXAAAAAAAADTI+AAAAAAAACmR8ABAAAAAABMj4ADAAAAAACY
HgEHAAAAAAAwPQIOAAAAAABgegQcAAAAAADA9Ag4AAAAAACA6RFwAAAAAAAA0yPgAAAAAAAAqK2+
2wAAIABJREFUpkfAAQAAAAAATI+AAwAAAAAAmB4BBwAAAAAAMD0CDgAAAAAAYHoEHAAAAAAAwPQI
OAAAAAAAgOkRcAAAAAAAANMj4AAAAAAAAKZHwAEAAAAAAEyPgAMAAAAAAJgeAQcAAAAAADA9Ag4A
AAAAAGB6BBwAAAAAAMD0CDgAAAAAAIDpEXAAAAAAAADTI+AAAAAAAACmR8ABAAAAAABMj4ADAAAA
AACYHgEHAAAAAAAwPQIOAAAAAABgegQcAAAAAADA9Ag4AAAAAACA6RFwAAAAAAAA0yPgAAAAAAAA
pkfAAQAAAAAATI+AAwAAAAAAmB4BBwAAAAAAMD0CDgAAAAAAYHoEHAAAAAAAwPQIOCqwKfOIZqeu
0abMI95uCgDgMjJ9+nRZLBb76/vvv69w34iICId94Tk///yzw73/wx/+4O0mOa06n7G6pPTn/eLF
i95uEgDAZHy93YC66A8JX2rRme328j3NBuiFliO92CIAcL+zZ8/qyJHKQ10fHx81bNhQoaGhCg0N
la8vv0YAM7tw4YI+/PBDJSYm6pprrtH48eNltfL9FwDAnPiXaSmlww1J+vDEBv0++gY19KnvpVYB
gPv98ssvGj58uNP7h4eHa/To0Ro6dKhuuukmNWrUyI2tA+AOL7zwgl599VV7uaioSHfeeacXWwQA
QM0R0ZdQXrhRLDUv3cOtAYC6LS0tTe+9954mTZqkLl26aO7cucrOzvZ2swBUw8qVKx3KGzZs8FJL
AACoPQKO/6+ycKNFvVB1Dmru4RYBgHmcOHFCDz/8sG644QYlJiZ6uzl2H374oXr16mV/rVixwttN
AuqUPn36OJS7du3qpZYAAFB7DFFR5eFGiE+A5rX/rYdbBADeN2rUKL3//vsO24qKipSRkaFz587p
l19+0eLFix0mMNyyZYsGDx6sRYsWqXfv3p5uchmZmZnavv2/f7/n5OR4sTVA3TNz5kxFREQoISFB
/fv31z333OPtJgEAUGNXfMBRVbixoPMD9N4AcEWqV6+eIiIiymyPjIyUJPXt21cPP/ywVq9erT/+
8Y/auXOnJOno0aOaMGGC1q9fr6ioKI+2GUD1NG7cWC+99JK3mwEAgEtc0UNUCDcAoHYsFotuuukm
fffddxoyZIh9e1JSkuLi4pSfn+/F1gEAAOBKcsUGHIQbAOA6kZGR+uKLL9SyZUv7tu+++05ff/21
F1sFAACAK8kVOUSFcAMAXK9JkyZ64403dNttt9m3vfLKKxo3bpx8fZ3/dWOz2bRz505t375dKSkp
stlsioiIUPPmzdWvXz9FR0dXeOyBAweUm5trLx87dszh/cTERPtQGkkKDg5WmzZtqmxTcnKydu3a
pUOHDun8+fOy2Wxq2LCh2rZtq+7duzsEO56Sm5urDRs2aP/+/Tp16pSsVqsiIyPVvXt39e7du1r3
vKTa3P/K5OXlaefOnfr11191+vRpZWdnKyQkRE2aNFHXrl3VrVs31a/vmeXYDx48qE2bNun48ePK
zs5WRESEYmJi1L9//3KHZdWEYRjau3evtm/frlOnTun8+fNq2LChmjRpotjYWHXt2rXG/49c6ejR
ozp37py93LJlS4WGhpa776+//iqbzSZJCgwMVLt27ezvFX8eDxw4oJMnT7rs81iVw4cPKysry2Fb
586d5efn55b6AAB1nHGFmXZooXHVxj+W++q85XljT/YxbzcRALxi+fLlhiT7a/z48dU+R0FBgREb
G+twntWrVzt1rM1mM7755hujV69eDseXft12223G3r17yz3HrbfeWumxpV+TJk2qtE2bN282xo8f
X+V5xo8fb+zcudOp63zmmWccjl2zZk2F+4aHhzvsaxiGkZeXZ7z11ltl3iv56t69u7Fq1Sqn2lPM
Ffe/PPn5+cbcuXONmJiYSs/bqlUr46233jLy8vKq1e7qiI+PN4YPH15hG/z8/IxnnnnGOHv2rLF+
/XqH96ZNm+ZUHYWFhcbChQuNLl26VHq9MTExxgcffGDk5+e7/Dqr8xmr6edx2LBhhmH89/PYuHHj
Wn8eS3+mq7o333//vREQEOBwzFtvvVVlPQCAy9cVNUSFnhsA4F6+vr6Ki4tz2LZhw4Yqj8vKytI9
99yj22+/Xdu2bat038WLFys2Nlb//ve/a9XWyhiGob/97W/q27evvvzyyyr3//LLL9W7d2+99957
bmuTJKWlpWn48OF65JFHlJaWVuF+O3bs0E033aR//etfTp3XXfc/LS1No0aN0tSpU3X48OFK901M
TNQjjzyiUaNG6ezZs061uzqWLFmiHj16aPny5RXuU1BQoJkzZ+rGG29UQkJCtetIT0/X2LFjNWHC
BO3Zs6fSfQ8fPqx7771XN954o06cOFHturwtKytL6enpGjlypB555BGdOXOmwn2r+3l0xubNmzVm
zBjl5eXZt82cOVMPP/ywy+oAAJiP9/tGegjhBgB4RunlYdesWaPnn3++wv2zs7M1YcIEfffddw7b
r7vuOvXr10/16tXTsWPHtHjxYvtDfUFBgSZNmqTVq1dr0KBB9mNKd/s/fPiwdu/ebS/36dNHzZo1
s5c7dOhQbptefPFFPfvssw7bunTpoltuuUXNmjVTQUGBDh48qEWLFikjI8Pepri4ODVu3NhhmI4r
jRkzRuvWrZMkhYSEaOjQoYqOjtaFCxfswwNKevDBB3XNNddUeJ2Sa+9/Sfn5+fZ9Sho6dKh69uyp
oKAgpaWl6YcffnAIA1atWqU777xTS5YsUUBAgPM3pxI//vijJk6c6PAwLF36vMTGxiooKEiJiYn6
6aeflJeXpx07dlR7udT09HSNGzdOP/zwg8P2Ll26aODAgYqIiNC5c+e0YcMG7dixw/7+unXrNGLE
CH377bdq0aJFzS/Sw44dO6aJEyfa//+66vPojJ07d2rUqFH2P3uS9PTTT+vpp5+u1XkBAJcBb3ch
8QSGpQBA1VwxRMUwDCMrK6tMF/Xs7OwK9586darDvrGxscamTZvK7JednW0899xzDvt269bNyMnJ
qfDcs2fPdth/0aJFVbZ/7dq1DseEhIQYn3/+uVFQUFBm39OnTxt33nmnw/7t2rWr9HprM0Sl+DVj
xgzj3LlzDvsWFRUZixcvLjNU4Mknn6z0et11/9955x2HfTt27Ghs3769zH4FBQXGZ599ZoSEhDjs
P3fu3Erb7azz588b7du3L3ON69evN4qKihz2PXnypDFjxoxy73lVQ1Ti4uIc9m/Tpo2xcuVKo7Cw
0GE/m81m/PTTT2WGsIwaNarcz1hNeGKIijs+j84MUdm3b59x1VVXOew3derUMvcZAHBluux7cFTW
c0OSGvrW11+SlnqwRRWLqhemcU16ql+D1t5uCgDUWHBwsKKiopSammrflpmZqaCgoDL7rl69WnPn
zrWXu3btqpUrV6pJkyZl9g0KCtILL7ygtLQ0+zG7du3SF198Ue1v2yvz97//3aH8ySefaNSoUeXu
27hxY/3zn//Uvn377N/KHzx4UJs3b9bQoUNd1qZifn5++vTTTzV+/Pgy71mtVo0aNUrvvvuuxowZ
Y9++aNEizZo1SxaLpcwx7rr/hmHonXfecdg2f/589ejRo8x5fX19NWnSJPn4+GjixIn27W+++aYe
fPBB+fj4VHQ7nPLuu+869CRo3759hdcYGRmp6dOnq0OHDho3bpzTdSxdulTz5s2zl6OiorRy5Uq1
bl3297nFYtHAgQO1cuVKDRkyRAcPHpR0aQjN/Pnzdd9991Xn8rzK1Z/HqiQmJuq2227T0aNH7dt+
+9vf6rXXXqv15wQAcHm4rAOOF5K+rTTckKTU/HSl5qd7qEVVW3Rmu77o/AAhBwBTa9q0aZmAo+TQ
EOnSQ/BLL73ksO3tt98u98GzmMVi0R//+Ef985//VEFBgSTpgw8+0OTJk2v0wFRadna2li79b+jd
sWNHjRw5stJjgoKCNGXKFD3wwAP2bdu3b3dLwPHnP/+53IfJkkaOHOkQMCUmJurYsWOKiopy2M+d
9//8+fMOq9UUr6RRmfHjx+v111/X5s2bJV1aESc5ObnckMBZ+fn5evvttx22vfnmm5VeoySNHTtW
Tz/9tF5++eUq6zAMo0wo9uabb1bZ7ubNm+vdd9/VkCFD7Ntefvll3XXXXS4bmuNurvw8VuX48eMa
PXq0PRCSLg3Zeuedd+Tv71/9xgMALkuX9SSj/z5debhRV315uvIJ3gCgrmvUqJFDOTMzs8w+O3bs
0Nq1a+3l4cOHa8CAAVWeOzo6WpMmTbKXf/755yonsHRWvXr1tH//fvtrxYoVTgUnHTt2dChXNuFi
bTz++ONV7uPr61vmPpZcBrSYO+9/YWGhQzkrK0uGYVR63uLwZNasWfZXbZf63Lhxo5KSkuzlfv36
6YYbbnDq2BEjRji137Zt2/Tjjz/ay3379q2wx09pgwcPdgjQEhIStGrVKqeOrQtc+XmszNmzZzV2
7Fjt2rXLvu2mm27Shx9+6LGlhQEA5nBZBxyV/1MKAOAupUOB8h5uf/rpJ4dyVd8El1S6d0R8fHw1
WlcxPz8/tW/f3v66+uqrnTqu9ENWVlaWS9pTVT0ViYiIcChfuHChzD7uvP9hYWEOPXYSEhLKTGJa
nttvv11PPfWU/RUdHe10m8pTcjJPSbrjjjtktbr2nz4bN250KP/ud7+r1nCJu+++26G8fv16l7TL
E1z5eaxIdna2Jk6caO/ZI0kDBgzQZ599pgYNGjh9HgDAleGyDjjGNenp7SbUyPgmvbzdBAColeLh
C8VKrmxS7D//+Y9DuVu3bk6fPyYmxqFcerUGdyosLFRmZqbS09Ptr9KBRlW9Fdyt9AN2UVFRmX3c
ef99fX11//33O2ybNGmSXn/9dR0/ftzpemqrdMDRq5frf7+WDjj69etXreP79OnjUC696szlwJnP
Y3mKior08MMPO6xMExsbqy+//FLh4eEubSMA4PJwec/B0XKkMgtz9e8z/6lwnxb1QhVVL8yDrapY
A5/6uq/5tcy/AcD0Sg/RKO+b1pJLg0rSzJkznf5GOD3dce6k8+fPV7OFzrHZbNq1a5dWrVql7du3
a8uWLQ4THJqZu+//tGnTtGLFCm3bdmnYZUZGhqZNm6Zp06bplltu0dChQ9WnTx/FxsYqODi4hldR
uZLzwEhSy5YtXV5HyTkhpLLhT1Wio6MVHh5uX4I3Pj5ehYWF5YaCV5qZM2dq/vz5DttmzZpVZj4f
AACKXfa/PV9rM0GSKgw5sgrz9Hz7keoc1NyTzQKAy5ZhGGUeLBs2bFhmvxMnTjiUFy1aVOM6MzIy
anxsRdavX6/nnnvOYX6Fy4m7739oaKi+++47PfXUU/rggw8c3luxYoVWrFghSQoICNDYsWM1duxY
DRs2zKVzKpw+fdqh7I4hDSkpKfafAwMDqx3WWCwWRUVF2QOOgoICZWRk0ENB0owZM8pse/7559W/
f3+3hWIAAHO7rIeoFHutzQSNbVx2aTpJyizK0x17/6m9FzzXZRYALmepqakO3/AHBgaWG3CcOnXK
ZXWWHhJTG4ZhaPbs2Ro4cGCZcKNFixYaOXKkJk+erIceesj+qs78FXWFJ+5/eHi43n//fW3evFlx
cXHlrg6Sl5enTz/9VGPGjFHXrl01f/78MpOU1lTpyW1dvdqGYRj2YEIqP8hzRkhIiEP54sWLtWrX
5Wzz5s2aPn26t5sBAKijLvseHMUq68lRHHJ80fkBenIAQC3t3bvXoTxs2LByHyzDwsIcgpB33nmn
xhNAOjsZqDMWLFig3//+9/ZyYGCgnnnmGY0bN07t2rUrd1WV7du368svv3RZGzzBk/e/T58+6tOn
j2bNmqX169dr8+bNWrNmjX755ReH/Q4fPqzJkydr+fLleu+998o8+FdXWFiYQ2+ivLw8l4YcFotF
LVq00LFjxyRdWu3DMIxqL1lcelWRoKAgl7XR7Bo2bKhXXnlFjz32mPLy8iRdWoa3f//+mjhxopdb
BwCoa66YgEMi5AAAT1i2bJlDefDgweXud9VVVzk8YE+YMEFhYd6dEyk7O9th6cuAgACtXr1a/fv3
92Kr3MMb9z8sLEyjRo3SqFGjNHPmTJ06dUo///yz5s+fr2+//da+38KFC9WkSRO99dZbtaqvadOm
2r17t72ckZHh8mEqzZs3twccBQUFSk9PL7NMcmUKCwsdhrkEBATUOti5XISEhGjJkiUaOHCgrFar
4uLi7O89+OCDio2NVfv27b3YQgBAXXNFDFEpieEqAOA+p0+fLjPfwsCBA8vdt/S3/omJiW5rl7PW
r1/vMHRj2rRpl2W4IdWN+x8ZGamxY8dqyZIlmjdvnsN7c+bM0eHDh2t1/tatHSftru35yvOb3/zG
oVx60tGqHDlyxGEVnr59+1a7B8jl6quvvrL//XHfffdp8uTJ9vcyMjJ03333KTs721vNAwDUQVdc
wCERcgCAu7z88svKycmxl8ePH1/h8qMDBgxwKK9fv96tbXPG/v37Hcqll/C8nLjz/h89elRJSUn2
lzPL5t53331l5jIpXoGlpnr2dFwufsOGDbU6X3lKLwtb3Ulpf/rpJ4dyRT2erkQlw1GLxaLXXntN
Xbt2tW/bsGGDnn32WW80DQBQR12RAYdEyAEArrZ8+XK9/vrrDttKDvcorfQD9pw5c5Sbm+uWtjmr
9FwIzs5JUfo4M3Dn/R83bpxatWplfzkzoanFYtGNN97osK2297V0QPXpp58qPz/fqWOd3a90D6X3
33/fIeSrTGFhYZkeT9dff71Tx16JwsLC9OGHHzpMVjt79uxarQAEALi8XLEBh0TIAQCusnTpUo0d
O9Zh2zPPPFPp8I5+/fo5PGQnJCSUCUgq89VXX2nWrFmVrrjh6+s41VRVq3OEhoY6lDdv3lxlO9LT
0/XUU09VuV9d487737t3b4fyxo0bnTpn6WCgtnOCdO3a1aFHxL59+7RgwYIqj8vPz9dLL73kVB1t
27bVnXfeaS8nJCTovffec+rYL774wuEzNmDAgDLBExz17NlTs2fPdtj2wAMPVHtoEADg8nRFBxwS
IQcA1Mbhw4c1ZcoUjRw50r7CgSTdcssteu655yo91mq16k9/+pPDtunTp+uTTz6pst4FCxborrvu
0tNPP63f/va3DpNlllR6Qsnk5ORKzxsbG+tQfvPNNx0mqSwtKSlJI0aM0M6dOx22l7wXdZU77//o
0aMdys8++6yOH6/8d+mZM2f07rvvOmwr/f+juiwWix599FGHbY8//rh27NhR4TF5eXl64okn9P33
3ztdzxNPPCE/Pz+H8po1ayo9ZuvWrXrooYcctk2fPr3GK9lcSeLi4vQ///M/9nJ6erruv/9+p3vO
AAAuX/wWVdUhxwMHPvZwiwDA+06cOKEVK1Y4vL755ht9+OGHevHFF3XdddepTZs2eueddxyOGzNm
jD7++GPVq1evyjpGjBhRZhjL3XffrYceekh79uxxmLvBZrNp8+bNuu+++3THHXfYQ4SUlJQKHwpL
TzI5d+5c/fDDD8rNzVVBQUGZh+4BAwY4zBmSlZWlG2+8Ue+9956OHDmi7Oxspaena8eOHXrppZfU
o0cPbdq0qUy9Zhmy4q77P3ToUI0bN85ejo+PV79+/fTGG2+UmZMjJydHK1as0M0336x9+/bZt48Z
M0YdOnSo9TXefvvtGjNmjL2cnp6uQYMG6Y033lBycrJsNpsMw9C5c+e0ZMkSjRgxQnPmzKlWHd27
d9fMmTPt5YKCAt14442aMWNGmclbjx07ptdff12DBg1ymFz0scce0y233FLDq7yyWK1WzZ49W506
dbJvW79+vZ5//nkvtgoAUCcYsPv9oQXGVRv/WO5rT/YxbzcPANxq+fLlhqRavaZPn27k5+dXq97s
7GzjjjvuKPd8UVFRxpAhQ4w+ffoYISEhZd7v1q2bkZycXOm5o6KiKmzvkCFDyhyzdu1aw8/Pr1rX
fe211zqUW7VqVWGbnnnmGYd916xZU+G+4eHhDvs669FHH3U4bv369ZXeI3fc/5MnTxqxsbHlnjc8
PNwYMGCA0b1793LvdUxMjJGYmOj09VYlNTXV6NKlS7ltCQgIMMLCwspsv+666xzK06ZNq7SOgoKC
Mve95H0cMGCA0apVq3LfnzhxopGdne2y663OZ6wufR5Ln7+qv0u2bt1a5vPz1VdfOd0uAMDlhx4c
JVTWkyMqoHbjgAHgcnb//fcrPj5eM2bMkL+/f7WODQoK0vz58zV9+vQy76Wmpmrt2rXasmWLw7fd
kjRx4kT98MMPuuqqqyo998svv1zh++XNHzF48GAtWLBADRs2dKr9f/jDH7Rs2TKHiQ8TExOVkpLi
1PHe5q77HxkZqaVLl2r48OFl3ktLS9OGDRu0Y8cOFRQUOLx33XXX6bvvvlPLli1rcVWOWrRooW++
+abM3CDSpSEppYfY/O53v9MXX3xRrTp8fX312muv6aWXXnIYriJduo8bNmwodyneadOm6aOPPlJQ
UFC16sOluV5KzxsTFxenhIQEL7UIAOBtBByllBdy3NNsgBr61PdSiwCg7mjcuLF69uypkSNH6okn
ntDixYt14sQJzZs3Tx07dqzxef39/TVjxgzFx8frkUceUbNmzSrc9/rrr9eiRYv0ySefqFGjRlWe
+6677tKXX36pmJiYMu/ZbLZyjxk9erS2bNmiKVOmlHlYLTZ+/Hj9/PPPevXVV9WgQQONHDnS4f26
sOyts9x1/1u0aKGvv/5aX3/9tW6++eZK9x0yZIg++eQTrVmzRm3atKnRdVQmJiZGP/74o1555ZVy
PwvFbVi8eLE+/PBDRUZGVvj/viI+Pj56+umntXv3bj366KOKjIwsd7+GDRvq/vvv17Zt2/T3v//d
IRxD9fzv//6vwySvaWlpiouL8/qKTAAA77AYhhOL01+BNmUe0eaMw+rbMEb9GrSu+gAAgMtcvHhR
+/fv19mzZ3X+/Hn5+vqqUaNGiomJqfThuzJ5eXnauXOnTpw4IV9fX0VERKhjx45lVk4pLSsrS3v3
7tXZs2dVVFSkiIgIxcTEqGnTpjVqhxm44/5Ll+a/OHDggM6fP68LFy4oICBAYWFhatu2rRo3buzC
K6hcQUGB9u7dq1OnTik3N1eNGjVSq1atFB0d7dJ68vPzdeDAAft9DAkJUUREhNq1a0ePDQAA3ICA
AwAAAAAAmB5DVAAAAAAAgOkRcAAAAAAAANMj4AAAAAAAAKZHwAEAAAAAAEyPgAMAAAAAAJgeAQcA
AAAAADA9Ag4AAAAAAGB6BBwAAAAAAMD0CDgAAAAAAIDpEXAAAAAAAADTI+AAAAAAAACmR8ABAAAA
AABMj4ADAAAAAACYHgEHAAAAAAAwPQIOAAAAAABgegQcAAAAAADA9Ag4AAAAAACA6RFwAAAAAAAA
0yPgAAAAAAAApkfAAQAAAAAATI+AAwAAAAAAmB4BBwAAAAAAMD0CDgAAAAAAYHoEHAAAAAAAwPQI
OAAAAAAAgOkRcAAAAAAAANMj4AAAAAAAAKZHwAEAAAAAAEyPgAMAAAAAAJgeAQcAAAAAADA9Ag4A
AAAAAGB6BBwAAAAAAMD0CDgAAAAAAIDpEXAAAAAAAADTI+AAAAAAAACmR8ABAAAAAABMj4ADAAAA
AACYHgEHAAAAAAAwPQIOAAAAAABgegQcAAAAAADA9Ag4AAAAAACA6RFwAAAAAAAA0yPgAAAAAAAA
pkfAAQAAAAAATI+AAwAAAAAAmB4BBwAAAAAAMD0CDgAAAAAAYHoEHAAAAAAAwPQIOAAAAAAAgOkR
cAAAAAAAANMj4AAAAAAAAKZHwAEAAAAAAEyPgAMAAAAAAJgeAQcAAAAAADA9Ag4AAAAAAGB6BBwA
AAAAAMD0CDgAAAAAAIDpEXAAAAAAAADTI+AAAAAAAACmR8ABAAAAAABMj4ADAAAAAACYHgEHAAAA
AAAwPQIOAAAAAABgegQcAAAAAADA9Ag4AAAAAACA6RFwAAAAAAAA0yPgAAAAAAAApkfAAQAAAAAA
TI+AAwAAAAAAmB4BBwAAAAAAMD0CDgAAAAAAYHoEHAAAAAAAwPQIOAAAAAAAgOkRcAAAAAAAANMj
4AAAAAAAAKZHwAEAAAAAAEyPgAMAAAAAAJgeAQcAAAAAADA9Ag4AAAAAAGB6BBwAAAAAAMD0CDgA
AAAAAIDpEXAAAAAAAADTI+AAAAAAAACmR8ABAAAAAABMj4ADAAAAAACYHgEHAAAAAAAwPQIOAAAA
AABgegQcAAAAAADA9Ag4AAAAAACA6RFwAAAAAAAA0yPgAAAAAAAApkfAAQAAAAAATI+AAwAAAAAA
mB4BBwAAAAAAMD0CDgAAAAAAYHq+3m4AANTU2+c26khBmiSpjX+EHgzr5+UW/Vd6Ua5mnl1jL9/R
oLt61o/yYov+a2NOkr7O2m0v/7nxzQq0+nuxRQAAAEDtEXCgVgoNmwwZle7jZ/HxUGtwpfks4z/6
OSdRkjQoKKZOBRzni3L16tkf7eUO/k3KDTiSC9K1JvugOtaLVP/Alh5p2y+5KQ5tezriegWKgAMA
AADmRsCBWmlzaKaSC9Ir3cdHVoX41FNT3xB1C2iuW4I7aFLDHvIn+MAV7nhhprolvKoMW54skv7Z
fILuD+vj7WYBAC5Tx48f1/HjxyVJVqtVPXr08HKL6o66fm92796t/Px8SVLjxo119dVXe7lFl+Tn
52v37v/2Cm3Tpo1CQ0O92CJc6Qg44HZFsul8Ua7OF+Vqf/5pLcjYqadOLdVrTW/TXQ3r1i8PwJPW
XkhQhi1PkmRI+jZrLwEHADjBZrPZf7ZaazelXMlzWSwWWSyWWp2vLjt58qR27twpSfLx8alzD/He
VNfvTXx8vLKysiRJ7du3LzfgKCwsVEpKinx9fRUdHe2RduXl5dnvmySFh4cTcMCrCDj2CGluAAAg
AElEQVTgMr4Wq0Ks9cpsv2gU6YLtosO204XZ+p/UT7U376RmRg73VBOBOqVnQJR8LVYVGpf+cX1N
/au83CIAqPtSUlK0cuVKe7l9+/a67rrranSugwcPat26dfZy9+7d1bNnz1q3EfCG5cuX6/Tp05Jq
9+cCMDMCDrjMgMBW+rHlQ+W+l2O7qI25SXo/fasWZOywz9rx0tnv1S2guSY2jPVcQ4E6okO9Jlrb
8iEtzYpXO//Guiest7ebBAB1XlRUlAIDA5WTkyNJSkpK0oABA2rUk+Pw4cMO5bZt27qkjYCn5efn
28MNSTp69KgXWwN4D8vEwiMCrf66IaidPo/6H33Y4g6V7Pz5zOnlXmsX4G3XBrbSy5EjdG/YNbLo
8u0WDQCuYrFY1Lp1a3s5Pz9fqamp1T5PXl6eTpw4YS9HRkaqQYMGLmkj4Gn16tVTSEiIvdy4cWMv
tgbwHgIOeNzvQnvrjobd7eUjF9O0NZeUGQAAOKddu3YO5SNHjlT7HIcPH3aYf4PeGzC7W2+9Vb16
9VLfvn01ZMgQbzcH8AqGqMAr7g27Rp9n7LCX1+cccWr+ga25R7UtN0UZtjyFWevrav9Guj6ojepZ
qvdRNmRoV95xbctNVVrRBfnIqkjfEPUJvErt/KtOvC/YLirLdmkma4ukSN+QSvc3ZOhUYba9HOZT
v0ybc2wXlfn/z+lnsSrcJ8j+3pGLadqQk6SThZkKsPrp/7F33+FRVXkfwL8zk95IDyGdBBAiCMRQ
pUikiIrgLqiw+9pQ9nUt6L6v4uquFVdXXxvuorgKigiIIiUQIPQiNRA6IZCE9N4zk2TKff8YM5nJ
3GlJhmHI9/M885B777nnnntnmOT+7jm/E+MagMne/eEpdRU9XrmqEQfkOShQ1kIpqNHbxQ/jvOMQ
6xpo8dzEnGouwtnmEpSqGuAhcUG4qx/Ge/W1eN5dlaesxoGmXBSr6uAtdUO8WzBSvPt1eQYeR51P
RxoIKLfwuVBolLpEpDJIEOLio9tWrZZjZ+NlFKrqoBEERLn6407vBITqlekOFapGqPWmgw6UeXEW
JCJyqMDAQAQFBaGqqgoAcO3aNajVashk1n836QdFZDKZQa8QImfk7e2NoUM57Jt6NgY4yCGGeUQY
LOvf5IlZWv0rPqjag9zWaqNt3lI3PNRrGP4Zdi8CZV4Wj/1Z1QF8XLUfeUrjugAg0b03/hqSgrlm
Znj5sGov3ijXJjhzk8jQMuifZo9ZqKxD9OW3dcv/6TMHT3SYLWNJ9UEsKtsCAIh2DcC1/q9hZ9Nl
vFy6BSebjbve+kk98ETACLwfdi9cf7vZzG2txgulG5HWeBGtgtpon4ne8fis9ywM9gg3215Ae/P9
adV+fFp1QHQqYBmkGO0Vg3fDpmOcV/f+UXiupRTPlKzH/qarerfVWj5SdzwdOAavh0yxqU5Hno8p
11pr0Dd7sW5Z7HOxrOYIFpZuAACEu/iheMDrKFDW4oXSjdjUcB7KDu+zi0SKOX5D8Xn4AwiQeXa5
jf9XtRf/U7pZtzzKMwa7Yv/EAAcROVxCQoIuwKFUKpGfn4+4uDir9m1sbERZWZluOSYmBm5ubnZp
JxERXT8McJBDSDuMjhK7GQeABk0LHshfgZ1Nl03W1aRpxdc1R7G98RL2xz6DODfxXgqtghqz8pdj
a+NFs20731KKeYWrsLfpKpb1mW3hTOxDrmnF+5W78UrZFqMb/Db1mmZ8XLUfJ5uLsCf2v7G14SLm
Fa7SPe0Xs7fpKsbkLsHO2D9hpJkeM9VqOe6+9pXZoUNqaHBQnosJuf/CS8GT8F7YPdaenllbGi7g
9wXfollQiW5v1LTgn5V7sK/pKlpMfG46cuT5dCeFoMRheR6m5/8HtWqFaBmVoMEPdSeR0VyIo3HP
o5fMo9PHW1ZzBC+VpuqWB3uEY2vMk/CS8iaAiBwvISEBx48f1w0zycnJsTrA0dnkog0NDSgvL4dc
Loerqyu8vLwQFhYGd3fjWeT0CYKAlpYW3bK7u7tuOlqNRoOSkhI0NjZCqVTC09MToaGhBvkUrKVU
KnV1Adon+uHh4V0K3mg0GpSXl6O+vh4tLS1wcXGBj48PQkNDLZ63KU1NTSgvL4dCoYBGo4G7uzsC
AwMRGBhot2l67XFtAEAul+s+E4IgwMvLC4GBgejVq1d3NNsmLS0tEATtX44ymQyuroY9fa/X59Ac
pVIJtbr97zcXFxe4uPCWlLoPP03kEB17JES4GP8SaBXUmHrtSxyWX9OtG+Aeivt8B6GPix+q1HLs
bsrWbS9U1mF6/lc4Hf8/ok+XFxSvMwhu9HULwgzfRES7+qNVUOOkogibGs7pbqy/qjmCSNde+LuN
PQW6Q5W6SdebI8rVH5O8ExDu4odyVSMymgtxurlYV3Zf01U8UfQj1tWfRqOmBa4SGe7y7ofBHuFo
FdTIba3GjqYsKDRKANoAwR8LVyGr3yLRpJZyTSvuzPs3zjS3J16LcvXHfb6JiHMNhFxoxenmYqQ1
XoJCo4QA4P3K3QDQ5aDAqeYizClcaRDciHYNwGSf/giV+aBC3YiD8lxcainHUSvztjjyfLpbg7pF
F9yQQYq7fPphoHsYVIIGF1vKsLspWxcQy2opx6LyVCwN/32njrW67hSeLv4Zmt9qTHALxo6YBd3S
K4SIqDt4enoiIiICBQUFALSzRiiVSqObOjH6w1O8vLwQGRlptnxpaSlOnDiB0tJSo21SqRQREREY
NWqUyZva+vp6rFu3Trc8Z84c+Pj44OTJk7hw4QJaW1uN9gkPD8fYsWPh7+9v8XxaW1tx7NgxZGdn
G9w8trUvLi4OI0aMsFiPPoVCgZMnTyI7OxsqlfFDB4lEgujoaCQnJ1vVRgAoLi5GRkaGQe8ZfV5e
XkhMTMTgwYM7NSuOGHtcGwAoKipCRkaGwcwl+vz9/TF06FAkJCR0qt2dsWHDBjQ0NAAQnybW3p9D
S8rLy5GWlgalUvs3qaenJ+69916HBIPo5sUABznEF9W/Giyn+Bg/OflL6SaD4MarIXfhrdBpkBrc
lN+Nz6sP4tmSXwAAl1rK8UHlHrwacpdBXedaSvFt7XHd8l3e/bElZr5RIORscwmmXluGElU9AOC9
yt3474AxBnkPrgcBgBQSvBU6Da+EpHQ4Z2BlbQaeLP4RLb8FApbXHgMAxLgGIDVmPm51721QvlhV
j4cLVmK/XPsHXXZrJTY1nMf9vrcaHfuF0o0GwYAFAaPxWfgso2uV3VqBB/JX4FyL9o+9Dyr3YJJ3
Aqb4DOjkOQtYULwOck37L9dXglOwOOxuo0DMt7XH8XTJeoOypjjqfOxBDQ1q1QoM84jA6sg/YIB7
qMH2/U05mFnwDWp+693xfe1JfNZ7lm4Ik7U2N5zHo0WroYb2qWiEay+kxy5A7+uco4SIyJJ+/frp
AhxqtRrXrl2zeENZV1enG9oCAPHx8WZ7DZw4cQKnT5/WPRnvSKPRoKCgAMXFxZgyZQoiIiJEy+lr
bGzErl27DNrRUUlJCTZu3Ij77rsPgYGmc2g1NTUhNTVVd2Mr1r6rV6+ipKQEvXv3Fi3TUVlZGXbu
3AmFQry3IKDtDXDt2jUUFhZi4sSJFnvPnD59GidOnDB5HQFtb4jjx48jPz8fU6dO7XLvCntcGwD4
9ddfceHCBbNlamtrsXfvXly9ehV33XWXTflhrpfu/BxaUl1dje3bt+uCG+7u7rj77rsZ3KBux1lU
6LpbWv0rfqo/o1se6RltlJPjUks5luoFQZ4KGIV3Qu82utEHgGcC78B9vom65X9XH4LQYWDHxvpz
Bmu+ipgt2stjsEc4vtIblqLQKPFLwzmrz607LQwaj1dD7hI95z/6J+G5IMOovAxSrIycaxTcAIA+
Ln74LnIuZHr/5fc2XTUqd6GlDP+pOapbvs83EV/0+b3oternFoKtMU8i6Le8JxoI+N+yzUblrLWt
MQvHFQW65bm9huPdsOmivUwe8U/G8j4PWqzTkedjL4M9wrE/7s9GwQ0AGO/dF/8T1J41vVHTghN6
19Qau5uy8VDh97phYyEyH+yIWdDpBLVERPYUGxtrMEyi49ATMVeuXDFY7jgji75jx44hMzNTd1Pu
6emJxMREjBkzBiNGjEBcXJyup4FarUZ6ejrq6uostmHPnj26m8rQ0FAkJiZi6NCh6Nu3r0F3faVS
iX379pmsR61WIy0tzeAG3s3NDQkJCRg2bBgGDx6M8HBt3i25XG7VbDM1NTXYtm2bQXAjJiYGI0aM
wJ133onRo0cjJibGoA179uxBTY1xfqs2V69exfHjx3XX0d3dHQMHDsTo0aMxZswYJCYmwtOzvYdg
WVkZ9uzZY7Gt5tjj2gDAoUOHDIIbbm5u6N+/P0aOHIlRo0Zh0KBBBudSUFCAbdu2mQ3sOEp3fQ4t
qaurQ1pamm54jIuLC6ZMmdKlgAmRKezBQdeFAAHHFAX4rOoAVted1K33kLhgSfgDRuU/rd6ve3rs
K3XHe2H3mq3/f4ImYnPDeQDa3grpjZcNnrxXqNuTmHr+NguJKff4DsJwj0g0/jajSdu/19trIZPN
bp/leys+qGz/5X+XTz+zyTFjXAPQ3z0EF1u03UKvtFYalfm4ap9uSIKbRIbPwmeabUOUqz9eCp6E
l8u0eRrONJdge2MWpnai18OKmvYeNm4SGf4RNt1s+Tm9huKDqr1mb+AdeT72sqzPbPhITY95vtv3
FrxavlW3fLW1CqO9Yq2q+6giH7PyV+h6xvSSeiA15gkMcg/rWqOJiOykbYjBpUuXAGiHDbS0tJjN
DaF/IxscHIyAAPG/CQoKCnDmTPsDmZiYGEycONFoCExlZSW2bt2K1tZWqFQqHD16FFOmmB/eqlAo
4OHhgUmTJqFPnz4G25qamrBz505UVFQAAKqqqlBeXo7QUOPA9smTJ1FbW6tbjo6OxsSJE416PlRX
VyM9Pd1kTwZ9Bw4cMHjKPmXKFISFGf4eSExMRG5uLnbv3g1BEKDRaHDq1ClMmjRJtM5jx47pfvb2
9sbMmTMNggAAkJSUhPT0dJSUaHtdFhQUoKCgAFFRURbbLMYe1yYvLw8XL7YPdw4PD8ekSZOMzmXE
iBE4cOCALuBWUlKCzMxMDBs2rFPnYi/d9Tk0p7GxEWlpabqAmUwmw+TJk40+U0TdhT04qNscU+Qj
9vI7Rq+IrDfhc/GvGJXzKX6oO6nrSeEhccGKiIeR7Gn8i2trwyXdz3f7DLQ47n+8d1+DMofkeQbb
9XN8KDRK/Fh32mx9GfEvIKvfImT1W4QXgyaYLWsv7haGFcR2SKY63iveYp3604fWqY2TkW5vzNL9
PNmnv1VP7RcEjDaYrrYt0GSrXxW5up8neMcj2kwQqo2HhemBHXk+9jLQzfwfBJEd8tlUq+VW1Xuh
pQz3XPsK9b8lqfWSumF99KNWTd9MRORI+glCNRoN8vLyTJatrKw06GFhajiLIAg4fPiwbjk4OBgp
KSmi+T2Cg4ORlJSkW87Pz7fYi8PV1RX33Xef0U0loA0A3HHHHQbrxHJ/KJVKnD/f/jvK398fKSkp
osM6AgMDcc8991gc8lFXV2eQU2LkyJEmb0Tj4uIMhqUUFhrP+AZor3lTU5Nu+fbbbzcKCADanhB3
3XWXwTXOzc01KmcNe1wbQRBw5MgR3bKvry8mT54sei4uLi6YOHGiwbCXzMxMs0N+HKE7PofmKBQK
pKWl6RK7SiQSTJw40aphXESdxQAHdRuFRolryhqjV7Gq3ihXwlCPCOyN+zMe7GU8V3eZqgH5etN4
jvaKMSojZpDe0IzzLYZfwLN73QZ3vZvhx4rX4H/LNov2YnAWHYdZWDNbhovef/mO04sWKGtRoGx/
0jHZ27peC71kHrjdoz1IpZ83xVoVqkYUKtv/GOyOaVodeT6O5NYh6KOE5ZlmqtRy3Jf/Nap+C4a4
SmT4IXIeJnlbN6sAEZEjhYWFGYzjNzdMRX+bVCo1GeDIz89HfX29bnnEiBFmk14OGDDAoNdIx2Ew
HQ0bNsxs7oGgoCB4eLT/Xm+7QdSXk5NjkPwzKSnJbJ4HHx8fDBw40Gy7JBIJhg8frntFR5sPcusn
Z21tbUVzs/HDk47r/Pz8TNbn7u6OhIQE+Pv7dymppT2uTV5ensH7kJycbDYoIpFIMGbMGN2yWq22
mLfjeuuOz6Epra2tSEtLMwj2jRs3zuqZjog6i0NU6Lp7wG8wfo561OT2y60VBsvvVKTjw6q9FuvV
f1Jd0+GpdaxrIP4Zdi9eKN0IDQQoNEp8WLkXH1buxQD3UNzhFYdJ3glW9Ra5WeUpqw2Wh3iEW73v
IPcwHPgtgWlbglZbFHfY5xaR/BK2cuT5OJuHClYip7U9wdhozxjRBLRERDeqhIQEZGRkANA+ZVYo
FKJP1vV7BERFRRncvOnT7wXi4+Mj+oRbn4uLC3r37o1r17RBcVMza7SxJrGip6enLjigP7Vnm7ah
HIC294N+XgxTLCW69PPzw/Dhwy3W06bjUKCWlhaja+rt7W2wnJOTY3Z4wtixY60+vin2uDb5+e2z
t3l6elp1ox4YGIiwsDDdrDEFBQUGvX0crTs+h2LUajW2bduG6ur2v8VGjhxpNt8NUXdhgIO6zR1e
cUiNni+6bXbht0hvvAwASGu8hGvKGpN5MGrVht33qtRyWPEQ2kCjyOwazwWNQ4J7MP5SugmXWtr/
8MhqKUdWSzm+rjkKd4kLUrz7YWHQeEz26VlfwpWqJoPlwN+SbVpDPyhk7ZAIfTUd3nN/adeDTI48
H2dzqrnIYHm/PAefVO3HwqDxDmoREZFt+vXrh5MnT+ryQeTk5CAxMdGgTGlpqcETaHOzrbTlHQBg
dc6BwMBAXYBDP/dDZ+n3GNFoNEbb9We+CAsL67ZpVU1paWlBa2urLj8HYN0T/YCAAAQEBOiSkJ4/
fx4tLS1ITExESEiIXdpqj2ujP7VteHi42Zl39EVGRur2raqqgkqlMkjgeaOz9DkUs3fvXoMgX1tS
V6LrwXn+d9ENTyaRmhwm8Y/Qe7CrMVvXe2JR2RasjvyDaFmVYPjl6Sf1gMzKXyJtfE0kYZzuMxDT
EwZic8N5rKo7iZ2Nl3Xd8gGgRVBha+NFbG28iHt8B2JlxLwe06NDauM11qefF7wr9XSnm+18rocA
macu2PRK2RaM9YoTzZFDRHSj8fHxQe/evXVP7sUCHPrDU9zd3c0+1ddPOFlQUIA1a9ZYbIP+jb/Y
UI3upn8Me0y1qVarceXKFeTm5qKysrJL5zRhwgRdIlZAO4TnypUr8Pb2Ru/evdGnTx9ERkYa9fbo
LHtcG/08IqYS04rRLysIAuRyudlhOs7uzJkzBgFCd3d3DBkyxIEtop6GAQ66LpI8I/F7v9vwY30m
AODHuky8GDRB9ObJv0NA4ZfoR7s9F8B9vom6qWXPNJdgT9MVpDdlYVdjNpoF7ZjNLQ0XcVfeFzja
93m4SG7+dDVBMsM/KirVTSZKGtMfEtSZ3hcde1d0HGLUGY48H2f0ZuhUTPEZgAm5/0KroEazoMLD
hStxKv4vJgOGREQ3kn79+ukCHGVlZWhqatLdMAuCYDA8JT4+3uRTfUEQoFa3dx1VKpUGwQtrqNVq
CIJg9VP+zmgLFgCwmCDTVvn5+Th06JDBTX1XBAcHY+bMmTh8+DAKCtpnP2tqasLVq1d1wafQ0FAM
GjQI8fHxXbp23X1tNBqNwWfC3Cw9HXUsq1AobuoAh35wA9D2/Dlw4IDJGXaIutvNf9dGN4zFYXfr
EmNqIOB/yzaLlgt3MfzSz2qpEC3XXYZ4hOP5oHFIjZ6P7H5/xXi9BJcnmwvxde1Ro31uxmf6fd2C
DJbPNBdbve+FlvZumxGutj8piXL1N7imWa1df88deT7OZlHwJPw9ZApGecZgcWj79LxXW6vweJHl
p5ZERDeCuLg4g67/+j02CgsLDZ7q68+80lHHbvguLi5wd3e3+eWsrly5gvT0dF1wQyaTIS4uDqNG
jcLkyZMxffp03HPPPbjnnntw++23W12vn58fpk6dit/97ncYPHiw6E1+eXk59u7di19++UU3pOVm
Y8+g141EPxdLTk6OwfS6RPbEHhx03SS4BeMx/xH4skY77dq+pqvYUH8OM/0MkxkOcA9BoMxLl/tg
R2MW/jtwjFF91mrQtOC03s3tYPdwk0NpIl17YV3UI0jIfhcNGm0ipZ2Nl7EgYLRBOQ9J+xRmSkEN
AQIkTh726OPih1jXQF1yzh2Nl/GCFVPk1qoVyGhunxpulKd1s97oC5B5Is4tSJfocn9TDtDFYbmO
PB9n8z/BEw1+3i/P0U2P+1P9GXxefRDPBN5hanciohuCq6srYmNjdTOY5OTk6LrG6wc7/P39zeZ+
kMlkkMlkuif2t912G4YNG2bHlneOm5ubbtpRa5M/WqJQKHDo0CEIgnawZlhYGFJSUuDlJZ7HSr+n
hLUCAgIwcuRIjBw5EnK5HCUlJSgpKUFeXp4uCFVdXY3U1FTMmjULPj4+Fmo01t3XRiqVwsXFRTcz
iy11dixrKrHtzSQmJgbjx4/Hhg0bdMO9jhw5grCwMAQGBjq4dXSzYw8Ouq7eDJ0KH73u7q+Ub4HG
IOMBIIEEE73jdctbGi8azPBgTougMlp3tbUS43I/173abtxMCXXxwRCP9mzpYkkm9YdUCADyWs0/
ZaiyYXiEI93j2z5F2q6mbKum0V1a8ysUmvauu7P8Ojf7xkSv9vd8n/yqwVTBpnRMSNuRI8/HmX0b
8TBiXdv/AHmpLBUn9YI+REQ3Kv2eGZWVlaivr4dardYl/wTMJxdto38Tqj9d7I1EP+jQXW3Mzs7W
DceRyWS46667TAY3uoOXlxfi4+Nxxx134OGHHzZIRNnS0oKTJ092ut423XVt9AMttvQu0Z9JRCqV
2vV63ggiIiKQkpICd3d3pKSk6GanUavV2LVrl83DvYhsxQAHXVdhLr54JrB9+q9LLeX4d/Uho3Iv
6j1pVwpqPFK0GkrB/FQqu5qyEX35baytyzRYn+je2yBR6Jr6U2brESCgSNk+Z3dvF+MulLd5GE4X
t6HhrMn6NBCwsHSj2WPeKBYGjYfst68FpaDGn0vWQ+gQgNKX21qNDyr36JaHe0R2Ol/KU4HtvWSU
ghr/W5pqtvzHVftwrqXUbBlHno8zC5B54ofIebohZQqNEg8VrESjpnueEBIR2UtERIRBosqrV68i
Pz9fd1MlkUjMDk9pExwcrPu5uLhY16PhRqLfxrKyMqtnuDCnsrL9QUBQUJDoVLudqbOiogIVFRWQ
y03n2JLJZBg5cqTBFLJFRUUmy5tjj2ujP5tOcXGx1XXqn0NQUJBTzaDSGbfccosuv01wcDBGjBih
21ZXV4dDh4z/7ifqTgxw0HX315C7EKyXAHJxxU6jG6exXnGY7XebbvmgPBf35P8HhXqBhzYaCPik
aj/uy/8a5apGPFy4Etsbs3TbXSUyPObf/uW6peEiFpZuQJ3aOBt4k6YVTxWv0w1rAID7fAcZlUvy
jESYi69u+e2KdOzQO2aby60VmJS3FPuarhptuxEluAXj2aD2oQg7GrMwt3CV6I3t6eZiTLu2TDfr
hgxSfBo+s9PHHukZbdDj4sf6TDxb8gtaOwS2WgQV3qzYYTEAAjj2fJzdaK9YvB16t245u7US84t/
dGCLiIisEx/f3iMwJycHOTk5uuU+ffpYNVNHZGSk7uempiaDOszpjhtpa0VEROh+bm1tNeilYoql
oRX626150m5N74ht27Zh48aN2LhxIzIzMy2W79On/SFSZ2dusce1iY2NNWiXNZ+Jqqoqg+llo6Oj
Le5zs0lMTERcXJxu+cqVK8jKMv6bmai73NwhRLoh+Urd8VLwnXipTHuDWqpqwOKKnfhH2D0G5b6O
eBDnWkpx8beEj+mNlzHgynuY5J2Age5hcJVIUaisQ3rjZZSo2n/BzvC9FVN9BhjU9VboNGxvzML5
3574f1p1AF/VHEWKdz8kuAVBAom2rqYs3Q0uAIzxisWDvYYanYMUEvx34Bi8Ub4dAFCjVmDqtWVI
9ozCIPcwyDVK5CircFJRaKa/wI3p/bB7cUR+DUcU2j8G1tSdwvbGS5jsPQBxboFoEVQ421yCffKr
BlP6vhE6BXd4xZmq1ir/Dv8dbpd/ggp1IwDg8+qDWFWXgfFe8Qh28Ua5qhGH5Xm6GVFkkEIN839M
OvJ8nN1LwXdiv/wqtjRoE4OtrcvERK94/KkLOXGIiOytf//+OHPmDADtUIK6uvaHI9b03mgrl5GR
obvBPnLkCMLDw80OL1AoFEhNTUXfvn2RlJTUhTOwTmxsLDw8PHRtPHHiBKKiokz2EKiursalS5fM
1ql/fnV1dairqzM5zWpFRQUyMjIstjM0NBT5+fkAgGvXrmHkyJG6YQti9Gdu6exwDntcm+joaPj5
+emCOm11mkooq9FoDHoryGQyDBpk/NCsJxg3bhwqKyt1+Th+/fVXhIaG2jTdLpG12IODHOL5oPGI
cW3/Uvus+qBR7wxfqTsOxj1jcJMp17QiteECPqjcg3crduG72hMGwY0nA0ZhXdR/GR3PW+qGtJgn
McwjwqCuzQ3n8XHVfnxUtQ8/1mcaBDdGekZjc/QTJpOH/i1kMqZ0CKQcVxTg29oTWFd/Ghl6wY1F
wZN0QyVudG4SGXbG/gmTffrr1tWoFfixPhPvV+7GJ1X7saspWxcMcJFI8W7YdLwWMrnLx452DUBq
zBMGQ4pq1ApsbDiHr2uOYnPDeV1wI8W7H/7L33L2dkeez81gZcQ8g/+rfynbbJC0l4joRtMxiWhb
r4q2JKTWcHFxQXJysm65LXihP4RDX0lJCTZu3Ii6ujqcOnWq07kjbCGVSjF0aPtDmLq6OuzYsUOX
XFNffn4+tmzZYjDVqRj9nisajQa7du1CbW2tQRmVSoUzZ84gNTVVl3RTf1tHiWPnxFgAACAASURB
VImJup+bmpqQnp6OxsZG0eNnZ2cjOztbt9zZHg/2uDYAMGZMe4C/sbER27Zt092062tpacGuXbtQ
Xl6uW5eUlOTUs+t0hZubm2g+DrHPC1FXsQcHOYSbRIa/hUzWdXmXa1rx9/Jt+CbiQYNygTIv7I/7
M76tPYFPqw7gdHORaI+IYR4ReCUkxWBYS0dRrv443Pc5fFy1H8tqDiO3tVq03C3uoVgQMBrPBY2D
1MzMKFJIkBbzJN6uSMeSqgOo6pCMVAJguGckXg+Zgvt8E/FZ9UHINbZnG3cEb6kbdsQswMraDHxc
tQ+ZItfdU+qKSd4JWBw63SgnSVeM8IzGuYSX8HzJL9jccMEocWyEay88HzgOfwmeiL+Xb7OqTkee
j7MLkHliVeQ8TMpbilZBDbmmFQ8VrsTFhJcd3TQiIpMSEhJQUWE45XjHaWQtGTBgAMrKynD58mUA
2uEYGzduRO/evRESEgI3NzfI5XKUl5cbBD78/PwMburtKTExEXl5eSgt1fZQLS4uxpo1axAeHg5f
X1+0traiqqpKF6SQSCRm84n07dsXp0+f1iXGrK6uxvr16xEYGAhvb280NzejurraIKeJfn1NTU0I
CjKcpj0iIgIDBgzQDUsoLCzE2rVrER4ejsDAQN11LCkpMeht4+HhYRCkcPS1AbQBoCFDhuh6CFVU
VOCnn35CREQEAgICIJVKUV9fb5D3BdAGatpm9OmpgoODkZycjCNHjgAAamtrcejQIUyYYHmGOyJb
SIQbMWsSkQklqnqcai5CuaoRKkGDUBcfDPOIQJSrv8115Smrkako1s1wEiTzRpJnZKfqUgkaHFVc
w9XWKigFNUJcfJDsGYVwkQSlzqhQWYczLcUoVTbAXeqCcBdfjPSMgbfUza7HrVErcFiRh2JlPXyl
7khwC0aSZ6TlHS1w1PkQEdH10dLSgh9++MHgqfw999yD8PBwm+s6cuQIzp07Z1XZ3r17IyUlxSg5
Z11dHdatW6dbnjx5MmJizE9D/ssvv6CqSjuLXFxcHFJSUkTLtba2YuvWrSZ7l7Tx9fVFYmKi7gZT
JpPhscceMyrX0NCALVu2mOxl0cbb2xujR4/Gzp07deuSkpJEp9TVaDQ4cOCAQe8MS3VPnTq1y1OK
dve1aZORkYHMzEyrks/27dsXEydO1CXe7Ky1a9fqeosMGDAA48aNs7mMPT6HHetMSUkxyLnR0c6d
O5GXl6dbnjBhgtVDx4iswR4c5FTCXfwQ7tM9QYNY10CDqTC7wkUixVivOIy9SXM2RLr2QqSr+Bhc
ewqQeWK6z0DLBW3kqPMhIqLrw93dHVFRUbobKR8fn04FNwBg1KhRiI+Px8mTJ1FcXCw6lMHHxweD
Bg3Crbfe2uUbWVu5ublhxowZOHXqFC5evGiUmNPNzQ39+vVDUlKSwZSlpvj6+mLWrFk4ceIELl++
bHS+7u7u6NevH4YPHw43Nzd4eXnpZkcpLCwUDXBIpVJMmDABsbGxOHPmDMrLy0WDA56enujfvz9u
u+02uLl1/aFDd1+bNklJSYiJiUFGRoboZ0IikSA0NBRDhw5FVFRUl8/jZjJ+/HhUVVXpAjGHDh1C
SEgI/P1tf8BIJIY9OIiIiIiIrKBSqVBZWQmFQgGVSgU3Nzf4+/ubTMR5vWk0GlRUVOgSdXp7eyMk
JKTTQRe1Wq2rTyKRdLm+Nq2traisrERzczPUajXc3NzQq1cvu97kdve1aaNUKlFVVQWFQgGNRgNP
T08EBAR0yxS7RGQ7BjiIiIiIiIiIyOk5x7QORERERERERERmMMBBRERERERERE6PAQ4iIiIiIiIi
cnoMcBARERERERGR02OAg4iIiIiIiIicHgMcREREREREROT0GOAgIiIiIiIiIqfHAAcRERERERER
OT0GOIiIiIiIiIjI6THAQUREREREREROjwEOIiIiIiIiInJ6DHAQERERERERkdNjgIOIiIiIiIiI
nB4DHERERERERETk9BjgICIiIiIiIiKnxwAHERERERERETk9BjiIiIiIiIiIyOkxwEFERERERERE
To8BDiIiIiIiIiJyegxwEBEREREREZHTY4CDiIiIiIiIiJweAxxERERERERE5PQY4CAiIiIiIiIi
p8cABxERERERERE5PQY4iIiIiIiIiMjpMcBBRERERERERE6PAQ4iIiIiIiIicnoMcBARERERERGR
02OAg4iIiIiIiIicHgMcREREREREROT0GOAgIiIiIiIiIqfn8mbFDke3gYiIiG5yr4dMcXQTiIiI
6CYnwbkXBUc3goiIiG5uQuL/OboJREREdJPjEBUiIiIiIiIicnoMcBARERERERGR03NxdAOIiIjo
5ieXyx3dBCIiIrrJMcBBREREdtfU1OToJhAREdFNjkNUiIiIiIiIiMjpubwROtXRbSAiIqKbnLe3
t6ObQERERDc5iSAInCaWiIiIiIiIiJwah6gQERERERERkdNjgIOIiIiIiIiInB4DHERERERERETk
9BjgICIiIiIiIiKnxwAHERERERERETk9BjiIiIiIiIiIyOkxwEFERERERERETo8BDiIiIiIiIiJy
egxwEBEREREREZHTY4CDiIiIiIiIiJweAxxERERERERE5PQY4CAiIiIiIiIip8cABxERERERERE5
PQY4iIiIiIiIiMjpMcBBRERERERERE6PAQ4iIiIiIiIicnoMcBARERERERGR02OAg4iIiIiIiIic
HgMcREREREREROT0GOAgIiIiIiIiIqfHAAcREREREREROT0GOIiIiIiIiIjI6THAQURERERERERO
jwEOIiIiIiIiInJ6DHAQERERERERkdNjgIOIiIiIiIiInB4DHERERERERETk9BjgICIiIiIiIiKn
xwAHERERERERETk9BjiIiIiIiIiIyOkxwEFERERERERETo8BDiIiIiIiIiJyegxwEBEREREREZHT
Y4CDiIiIiIiIiJweAxxERERERERE5PQY4CAiIiIiIiIip8cABxERERERERE5PQY4iIiIiIiIiMjp
McBBRERERERERE6PAQ4iIiIiIiIicnoMcBARERERERGR02OAg4iIiIiIiIicHgMcREREREREROT0
GOAgIiIiIiIiIqfHAAcREREREREROT0GOIiIiIiIiIjI6THAQUREREREREROjwEOIiIiIiIiInJ6
DHAQERERERERkdNjgIOIiIiIiIiInB4DHERERERERETk9BjgICIiIiIiIiKnxwAHERERERERETk9
BjiIiIiIiIiIyOkxwEFERERERERETo8BDiIiIiIiIiJyegxwEBEREREREZHTY4CDiIiIiIiIiJwe
AxxERERERERE5PQY4CAiIiIiIiIip8cABxERERERERE5PQY4iIiIiIiIiMjpMcBBRERERERERE6P
AQ4iIiIiIiIicnoMcBARERERERGR02OAg4iIiIiIiIicHgMcREREREREROT0GOAgIiIiIiIiIqfH
AAcREREREREROT0GOJzcW2+9BYlEYvR69913Hd00IiIiIiIiouvGxdENuFE0NDQgIyMDFy5cQEFB
ARoaGuDi4gJfX19ER0ejf//+SEpKgo+Pj6ObStTtzpw5g+bmZrNlSktLkZ2dLbpt7NixkErNx0uD
g4PRt2/fTreRiIiIiIjInB4f4CguLsYnn3yCZcuWoa6uzmxZLy8vPPHEE1iwYAESExOvUwuJ7O+Z
Z57BgQMH7HqMv/71r1i8eLFdj0FERERERD1Xjx2iolar8fnnn+PWW2/FBx98YDG4AQByuRxLlizB
rbfeitdff93iE28iIiIiIiIiuj56ZICjtbUVL7zwAp599lnU1NR0qo633noLs2fPRn19fTe3johu
VGVlZfD29hZ9NTU1Obp5REREREQ9Wo8LcAiCgOeeew5Llizpcl2pqamYP38+VCpVN7SMiJyBXC4X
fQmC4OimERERERH1aD0uB8fatWvx5Zdfmtw+Y8YM3H333QgLC0NraysqKiqwY8cObN68WbT8unXr
kJKSggULFtiryUR2N3r0aERGRpots3r1apPbZs6cCU9PT7P7x8fHd6ptRERERERE1uhRAY6SkhI8
99xzotvi4+OxYsUK3HHHHUbbnnnmGZw6dQqPPfYYTp8+bbT99ddfx+zZsxEYGNjtbSa6Ht5//32L
ZebMmYNZs2aJblu7di3c3Ny6u1lERERERERW61FDVFatWoWKigqj9V5eXli3bp1ocKPNsGHDsHr1
anh5eRltKysrw88//9ytbSUiIiIiIiIi6/WYHhwKhcJk3o2XXnoJw4YNs1jHwIED8ec//xkffPCB
0bbVq1fjySeftLotx48fR1ZWFiorK9HQ0ICAgACEhIRgyJAhGDJkCFxcuu+tuXbtGvbt24eioiI0
NTUhNDQUsbGxmDBhAnr16mVx/8LCQlRWVhqt79evH7y9vQEAWVlZ2L17N4qKiuDh4YGpU6ciOTlZ
tD5BEJCdnY2zZ88iLy8PtbW1EAQBoaGhCA0NxYgRI9C3b1+rzq2srAwlJSVG6+Pi4gzOLSsrC7/+
+itKSkrQ2NgIf39/DBo0CGPGjOl0zxuFQoGjR48iOzsbFRUVqK+vh7e3N6KjozFkyBAMHjy4U+9j
d14fZyEIAi5duoQTJ06gvLwcVVVV8Pb2RkhICAYOHIjbb7/d4hAYU+rr63H69GmcPXsWVVVVkMvl
CAgIQFBQEGJjYzFy5Ej4+PiY3F//Myb2WWuTmZlpUM+QIUMglZqPIdvzvImIiIiIehyhh0hPTxcA
iL5yc3OtrmfPnj0m66msrDS7b2lpqfDKK68IQUFBJusAIMTFxQmffPKJ0NDQYLE9b775pmgdixcv
FiorK4Unn3zS5HF8fX2F119/3eJxFi9eLLr/kSNHBLlcLixcuNBo2/vvv29UT0tLi/Dtt98Ko0aN
Mnv+AISRI0cKGzduFDQajdm2ffPNN6L7p6amCoIgCKdOnRKmTJli8jhBQUHCxx9/LKhUKovXuk1Z
WZmwaNEii+/jrbfeKqxcuVJQq9VW1WuP69OdfvnlF5PtaWlp6VSdSqVSWLNmjXDbbbeZPd+goCDh
7bffFqqrq62uu6CgQFi0aJHQq1cvs3X7+voKTzzxhHDy5EnRepYtW2bx/RB7yeVyh5w3EREREVFP
1WMCHO+//77oDcTo0aNtqufatWsmb0aOHTtmcr/169cLISEhNt0gDRgwwGydgmA6wPH4448LgwYN
suo4ycnJQklJicljmApwbN26VfjDH/4guu3//u//DOrIzs4WJk6caPNN4uzZs80GYEwFOL7//nvh
hx9+sPo4zz//vFXBgq1btwphYWE2ncOcOXPMXl97Xp/u1N0BjqKiIiElJcWm842NjTUZiNCXmppq
8/sEaAODHYNd3R3gsOd5ExERERH1ZD1miMqBAwdE15vLuyEmIiICR48eFd1matjA119/jfnz59t0
HEA7rGLy5MlYv349Jk2aZNO+33zzjdVljx8/jocffhibN28221W/o5dffhlnz54V3aY/NOPKlSuY
Nm0arl69anXdbdatWweZTIYVK1bA3d3d6v0WL16MixcvWl3+008/xaRJkzBjxgyTZdavX4+HHnoI
SqXS6noB4Mcff0RlZSU2bdqkG9KjzxHXx9Fyc3MxY8YMnDt3zqb98vLyMHnyZGzfvh1JSUmiZdLT
0zFr1iyb3ycAePXVVyGXy/HOO+/YvK817HneREREREQ9XY9JMnr8+HHR9bbmMpDJZBgxYoToKygo
yKj84cOHOxXcaFNXV4e5c+fi2rVrna7DGnv37sWyZcts2sdUcAPQXicAUCqVePrpp03evMfGxuK+
++7DuHHjTNa1Zs0arFixwqa22RLcaPPxxx9DEATRbVlZWXj00Uc7ddMMALt378Yrr7xitN5R18eR
mpubMX/+fJtv8ttUVVVh/vz5aGhoMNpWU1ODBQsWiL5PYWFhWLBgAV599VU8+uijJvPPLF68GPv2
7etU28yx53kTEREREVEPCXC0trairKxMdJtYUKK7KBQKPPXUU6LbvLy88I9//AMnTpzAlStXcPDg
QTz//POiZcvKyrBw4cJOteH555/Hnj17cOHCBRw9ehTvvvuu6EwwAPDWW2+JJhPtjLYeHHv37kV6
errRdldXV/zwww/Izs7Gpk2bsH//fuTm5mLKlCmi9X300UdQqVQ2t2P+/PlIT0/HhQsXkJGRgS+/
/BKRkZGiZffu3Yu8vDyj9YIg4MUXXxS9sQwLC8O///1vnD59GpcvX8bWrVsxdepU0fqXLFliFBRy
9PVxhH//+9/YvXu36LbHH38c+/btQ3Z2NjIyMvDhhx8iICDAqFxmZib+85//GK1PTU1Fbm6u0foZ
M2bg/Pnz+OKLL/DOO+9g+fLluHjxIu68807RdixdulT380MPPYSioiIUFRXhxIkTJs/r0qVLunJt
yXav13kTERERERHQI3JwVFZWmhzbvnnzZrsdd82aNaLH9PDwEA4dOiS6z4oVK0y2VSwfh6kcHACE
jRs3ih5j9+7dJvdZtWqVUXlTOTjaXo888oiwadMm4fz580J2draQmZkpXLt2TRAEQVi0aJHoPosW
LRJtW3Z2tsnjXLhwwai8qRwcAISvv/5a9BinT5+26fNw4sQJ0bJeXl7C6dOnjcorFAph9uzZovu8
8847BmXtfX26U3fk4KivrxfCw8NF63j77bdF86AcO3ZM8PDwMCofFxcnKBQKg7JPPfWUaN1i71Nb
3ab+j4rl0CgtLTV5DczlQrH3eRMRERERUQ/JwSGXy01uc3Nzs9txv/jiC9H1b775JsaMGSO67ZFH
HkF6ejpWrVpltG3lypUmp14VYyqfxJ133olnn31WdNrcTZs2Ye7cuVYfY+3atZgzZ47J7XFxcXjx
xReN1t9///2i5RMSEpCUlISMjAyjbQUFBRg4cKDVbXv88cdF1w8ZMgT33nsvUlNTjbYVFxcbrVu3
bp1oPS+//DKGDBlitN7DwwNvvPGG6H779+/Hq6++qlt25PVxhNTUVNGpVocOHYqXXnoJEonEaFty
cjJeeOEF/OMf/zBYn5ubi2PHjmH8+PG6daZ6avn5+Ymuv/XWWzFz5kzRbY2Njd02Rau9z5uIiIiI
iIAeEeBwhIqKCuzdu1d027x588zu+9RTT4kGODZv3oxPPvkEUqnlkUWWEhHOmTNHNMCxf/9+CIIg
esNlqh5zTA3RMSciIkL0Br6xsdHmukwZOHCgaICjvr7eaN327dtF67jvvvtM1j9o0CAMGDAAWVlZ
Bus7DlG5Ua+PvZj6P/HUU0+ZDTZOmTLF6EYfAE6dOmVwo9+7d2/R/b/77jv87W9/M/pce3p64pdf
frGm6V1i7/MmIiIiIqIeEuAwFxAQTCSV7KrMzEzR9aNHj0ZERITZfZOTk+Hq6mqUKDEvLw85OTlI
SEiwePxRo0aZ3Z6YmCi6vqSkBEVFRSbzVOjram8BQRDQ2NgIuVyO5uZm3Xtx6NAhk+Wt9cgjj5jd
bmq2GIVCYbBcUVFh8r285ZZbzB5j+fLlRnk7rA0cAfa9Po4gCAK2bdsmus3S59VU4KJjwGjcuHH4
8ssvjcq9/vrrOHz4MJ544gmMGTMGffr0sbLVXXc9zpuIiHoIjQZQKttfarV2nUYDCIL2RUQ3JolE
+5JKtS+ZDHB1bX9Z8RCbLOsRAQ6xqTnbtLS02OWYYt3RAWDYsGEW9/X09ERSUhKOHDlitK20tNSq
AIelGzh/f394eHigubnZaFttba1VAY7bb7/dYhl9giDg7Nmz2L59O44cOYLDhw+bvE5dZe49N6dj
kKCiokK0XFhYmMXhC6NHj7b52Nfr+jhCXV0d8vPzRbc98MADZmc06hh4atPx/bn//vsxbNgwnDp1
yqjstm3bdIGGwYMHY+rUqRg9ejQmTJhg12TD1+O8iYjoJtbaCrS0AM3N2qAGETmntiCkRtO+Tv9v
PVdXwMMDcHcH7JhG4WbXIwIcpp7WA+bzc3RFTU2N6Prg4GCr9jf15La2trbTbdInkUgQHR2Ny5cv
G22zdqhDv379rD7e2bNn8dprr2HTpk1W73MjEBuyAlgOINnKWa+PLUxdS0DbO0lsBhtLOt7o+/j4
4Pvvv8e9994rOptKm7Nnz+p6QXh4eGDu3Ll4+umnLQ7t6ozrcd5ERHST0WgAuVx788OgBlHP0NYz
q6FBG+zw9AS8vNizw0Y94mq5uLggNjZWdFtpaaldjmnqyau7u7tV+3ecYtJSvZ0hNg0loJ1W1xoy
mcyqctu3b8fYsWOd8ubdVA8fc0EzWznz9bFFU1NTt9cp9lkdNGgQ9u/fjz/+8Y9W1dHc3IxvvvkG
t99+O55++ulub+f1Om8iIroJqNVAfT1QVqb9l8ENop5JqTT8LlCrHd0ip9EjenAAwJgxY0SflObk
5NhUT3NzM9LT00W3JScn63pe+Pr6ipaxtseIqZsiU/V2hqkZJ7pr5ggAyM7OxuzZs41yUQDaYR6P
Pvoohg4dil69eukCJlOnTu2243eVl5eX6HpTPXRs5ezXxxaurq7X7ViRkZH47rvvsHDhQqxatQor
V660qtfD0qVLUVBQgNWrV3dbEOt6njcRETkpQQAaG7VPbomI2rR9NzQ2Ar6+gI+PNo8HmdRjAhyj
R4/GDz/8YLR+x44dNs0akpOTY3L61czMTF2Aw1TvCGt7jJgas+/v72/V/pYSTqrVapNd4zubv0LM
e++9J3rzPnnyZKxcuRJhYWFG22bOnIkNGzZ0Wxu6wtT0okVFRd1Sv7NfH1uY++xu2bLF6uFb+ixN
8zx8+HAMHz4c77zzDs6cOYPjx49j//792LZtm+h1B7RTun722Wf461//anN7xDjivImIyIk0N2uf
0KpUjm4JEd3IGhq0w9b8/LS5OkhUjwlwmEqImZWVhXPnzmHw4MFW1XP+/HmT2/SHwZgaEnPs2DGL
x6itrcXp06dFt0VHR1vcHzAdIGlTXV1tcltoaKhVx7Ckrq4Oa9asEd22ZMkS0Zv3G42pXBs1NTWo
r683GQCxxs1wfWwREBCAkJAQ0Z4Uvr6+GDFihN2O7enpiZEjR2LkyJF45plnUFdXh7S0NLzxxhtG
U/kCwOeff46XXnoJLi5d/4p05HkTEdENrrZWm2uDiMgaKhVQXa3NzWHlg++epkfk4AC0w0dMzWAi
Nq2kKStXrhRdP23aNPTq1Uu3PGTIENE8GmfPnhW9odJ38OBB0fXDhg2zOrnlsmXLzG43Nc3kgAED
OvVEWUx+fr7okJz+/ftjwIABJvfbsWNHtxy/O/j6+uLOO+8U3XbmzBmz+95xxx3w9vY2eOm/fzfD
9bGFTCbD/fffL7pt7dq1Xa4/OzsbO3bsMHqVl5cble3VqxceeughpKeni/a2KikpQWFhYZfbBNj/
vImIyAkplUBFBYMbRNQ5crn2O4R5eoz0mACHTCbDn//8Z9Ft//rXv6xK8Lhq1Sps3rxZdNvDDz9s
sOzj44Pf/e53omWXLl1q8hhKpRKffPKJ6LYHHnjAYhv1qc0ko1m1apXo+kmTJtl0DHPq6upE12v0
p0bqQKVS2W1mm86aNm2a6HpT1xDQzo5x6NAhyOVyg5f+zDM3y/Wxhan8If/6179MBvb0nTt3Dn/8
4x9Fr8HBgwcxdepUo9fu3btN1hcVFYVx48aJbhNLMGtuKJvSzC8Ye543ERE5mZYWoKqKNyZE1DVK
pfa7xMSkCD1VjwlwAMDs2bMxaNAg0W0PPvggPv/8c9EpHSsrK/Hee+/hD3/4g+i+8fHxosGHJ598
UrT8p59+iq+++sooT4ZSqcTf//537Nq1S3Q/U8c35bXXXhO96Vq1ahW++eYb0X1M5RfpDFPDN65c
uYJff/3VaH1raytee+01k/VZyitiL3PmzBFd/8UXX4gOMamrq8PChQtF95kyZYru55vl+tji3nvv
Nfl/8IEHHkBaWproNpVKhdWrV2PatGn4/vvv8ac//cloJpHbbrtNdN9ly5aZnA1HLpeb7M0kNlTL
3JCkkydPmtxmz/MmIiInolBob0jMPMwgIrKaRqP9TunGmTadXY/JwQFob06+/PJL0Se2zc3NePbZ
Z/Haa69h8uTJiIiIgEKhQH5+Pnbt2mX26eyHH34oOuPC+PHjcf/992Pjxo1G25566ils2LABM2bM
QGBgIEpLS7F69WocPnxY9Bgvv/yyybweprz33ntIS0vD3LlzERERAblcjl27dpnsFt+/f39MmDDB
pmOY069fP5O5B+bMmYO3334bycnJUKlUuHTpEr788kvs3bvXZH2mblLtLTY2Fs8++yyWLFlitO3h
hx/Gpk2bcNddd8HHxwe5ublYvny56DAkV1dXPPjgg7rlm+X62MLDwwNvv/22aO+miooKTJ8+HdOm
TcP06dMRFhYGuVyOq1evYt26dQbXdOXKlfD398fHH3+sm11m2LBhGD9+PPbv329Q7549ezB37ly8
9tprGDJkiK58VlYW3njjDeTm5hq1ZcaMGaJDVzw8PBAdHS2a42bevHmYP38+wsPDIZfLMWPGDN1Q
I3ueNxEROQmFAuimWdiIiAy0fbd042yYzqpHBTgAbV6Ejz76CC+++KLo9rq6Ovz0009W1/fqq69i
5syZotskEgmWLFmCI0eOiE7JunXrVmzdutXiMZKSksw+uTfn9OnTJhOWdvTuu+926xSxnp6eeO65
5/C3v/3NaFtRUREef/xxm+ozNaTjenjjjTeQlpaGK1euGG1bvXo1Vq9ebbGO999/HwkJCbrlm+n6
2OKBBx7ASy+9hH/+85+i27dt24Zt27ZZrGf9+vVYtGiRLq+JRCLBP//5T4wbN84oILl+/XqsX78e
ISEhiI6ORkVFhdlEvKa+HwDtLDafffaZ0fqysjIsXrxYtzx69GiDXCr23cepLQAAIABJREFUOm8i
InICLS0MbhCRfdXUAFIp4O7u6JY4VI8aotLmhRdewBdffNHlet5880289dZbZstERUVh8+bNiIiI
6NQxhg4dih9//FG0h4g5ts7A8fTTT2PWrFk27WONhQsXIiUlpVvqEnvSfr0EBgZi/fr1NveiafPi
iy+KDlu5Wa6Prd566y2Tw3isERkZiQ0bNhjd5I8cORLLly83uV9FRQUyMjLMBjc+/PBDsz2ZOubb
sYW9zpuIiG5gSiWDG0R0fdTU9Pj8Pj0ywAEACxYswP79+zF27Fib9x06dCh27NiBv//975BKLV/C
5ORk7Nq1yyD/gjXmzZuHbdu2oW/fvja38eDBg1bn7PjTn/6Ejz76yKpzsZWPjw9WrVqF6dOnW1V+
wYIFJnvQbN++3aF5JgYPHoz09HSTSUfF+Pr64osvvsD7778vmqDyZro+tnB3d8dHH32EFStW2Bz8
u//++7Fv3z6TUz/PmzcPu3fvNjsTjZiIiAisXr0af/nLX8yWGzVqlEFPDVvY87yJiOgGVVvLnBtE
dH1oNNrvnB6sxwY4AGDcuHHYs2cPfvzxR8ycOROurq4my/bq1Qt/+MMfsHHjRhw5cgSTJ0+26VgD
BgxAWloaNmzYgDlz5ohOIdt2nCeeeAJ79+7F999/b3NPDECb6yE6OhrffvstvvvuO5PT406bNg2p
qalYunQp3O3YlSksLAwbN27Et99+izvuuEO0zO23346ff/4ZS5cuxaRJk+Dr62tU5uzZszhx4oTd
2mmNhIQEpKam4ueff8bvf/97k+XCw8Px8ssvIzMzEwsWLICLi+nRYDfT9bGFRCLBI488grNnz+Kz
zz7DxIkTTZb18vLC3LlzkZ6ejvXr11sM+t155504ceIEvvrqK4tBzOTkZHz++efIzMzEQw89ZFXb
X3nlFfz0008m/2+5urrCzc1NdJs9z5uIiG4wtbU9/mkqEV1nSmWPDnJIBGd55HsdNDQ04OrVqygr
K4NCoYBMJoOvry/Cw8MRExNjMijRGXV1dcjJyUFNTQ0aGxvh5+eHwMBAJCQkwMvLq9uOA2inHc3K
ykJpaSkaGxsRFBSEqKgoREVFdetxrJWTk4Pi4mJUV1fDy8sLMTExSEhIMDsF543q3LlzGDx4sMG6
uXPnYvny5SZvcC25ma6PrcrKylBQUICamhrI5XL4+PggKCgIAwYM6FJ+mLKyMuTm5qK6uhqtra3w
8vJCr169EB8fj+Dg4E7XKwgCrly5gqKiItTV1cHT0xMBAQG45ZZbRINQ5tpnj/MmIiIHam4Gqqsd
3Qoi6qkCA4FuvH91FgxwEHVBenq60dCj5ORkPPbYY3j00Ud5c0pERNQTCQJQUQGoVI5uCRH1VC4u
QEgI0AMekurr0UNUiLpKbDrY48eP4+mnn8bUqVNRX1/vgFYRERGRQzU2MrhBRI6lUmm/i3oYBjiI
uuCZZ55BU1MT9uzZYzAFLAAcOHAAv/zyi4NaRkRERA6hVgMNDY5uBRGR9rtIrXZ0K64rBjiIusjL
ywsTJ07EvHnzjLZdvnzZAS0iIiIih2lqcnQLiIja9bDvJAY4iLqBQqHAsWPHjNZ7e3s7oDVERETk
EBpNj7uZIKIbXFNTj5qq2vTclURkkSAIeO2115CWloZTp04ZbR8zZowDWkVEREQOIZdrE4wSEd0o
BEH73eTj4+iWXBecRYWoi/z8/NAgMtb2v/7rv7BixYoeMb0rERERQTtzilLp6FbYjVBeDqGuDpLe
vSGxYTr0zhxH1SGPmWzkSEiHDrXbMcl+VMuXQ9D7fyGNioLs7rsd2CJAtWoVBL3eVpKwMLjcf78D
W2Rnrq7aGVV6APbgIOqi4OBggwCHq6srXn75Zbz66qsMbhAREfUUra03ZHBDfeiQYbtcXSEbO9bm
elQbNkBz/LiuDpff/Q7SwYO7qZUdtLZCyM83WCXccot9jkV2p7l2zeAzKLi7O7A1v7WhoACC/gPK
m/2Zv1Kp/Y5yc3N0S+yOAQ6iLkpOTsbAgQMRHx+P4cOHIyUlBVFRUY5uFhEREV1PLS2OboEo9f79
hlNFenraHOAQKivbgxsAoFRCvWOH/QIcRNT9WloY4CAiy9auXevoJhAREZGjNTc7ugX2I5agsAcl
LSS6KTQ3A3YcWnaj4CwqRERERERdodHckMNTuoskNNSwt4ZUCtmkSY5rEBHZTqnsEYFJ9uAgIiIi
IuqKmzi40cbloYcgjB0Lob4ekvBwSAIDHd0kIrKVUgncADlQ7IkBDiIiIiKirugBAQ4AkERFgenT
iZwYAxxERERERGRWDwhwqH/91aB7uyQgANLERN2yUF0NzYULBvvIRo0CXFwgVFRAk5kJobxcm+jQ
1xfShARIb7sNkHZ+xLxQWQnNpUtG66VDhkDi52d7hQoFNBcvQpOXB7TNsOHrC2lkpHaIjqen5TYV
F0Nz+TKE0lJALgdcXAAfH0hjYiC55RZIvL3F97Pn9euG84JGA82VKxAuX4ZQV6dth5cXJL17Qzpo
ECShoZbrsFJnr6FhJQI0WVnQZGUBNTWAiwskYWGQJiV1rveRWg1NdjY0ly8D9fXaGUm8vbXDtwYN
giQszPY6HaEHfFcxwEFERERE1BVqtaNbYHfqHTsMbo6k/fsbBjjKyqBOSzPYR3rLLdAcOwb14cNG
Y/81mZmQ7NsHl0cegSQgwOb2CE1NUH37LYTqasNjDhsGyR132FiZAPWBA1Dv2aO9ce1Ak5EBbNkC
2Z13QjZhAiAx7scilJVBtXEjhGvXRA+hycjQTtE7caJoHXa5ft1wXgCguXwZ6s2bja41AODsWah3
7oT0ttvgMmNGl3oHdPUa6uqproZq7VoIhYWGGy5ehPrgQcimT7epXZqzZ6Hetg1Cba3odvXOnZAO
GADZvffe+EO3esB3FZOMEhERERF1RQ9I3NcZqlWroD50yOT1ESoqoFqzxvaK1Wqovv/eOLgRHw+X
WbNsq0sQoPr5Z6i3bxcNAuioVFCnp0P100/GVeTnQ/nllyZvzHWUSqjT06HessWqpnXp+nXDeQGA
5sQJqFauFA9u6B1Lk5kJ5bJlnZ4uubuuodDUBNXy5cbBjTYqlTZY09aTxQL17t1QrVljMrjRRpOV
BeUXX0AoLraqXofpAd9VDHAQEREREXVFD7hp6AyhvFz7g0wGeHmJ93woLITmyhWb6lWtWwchP99g
naR3b7jMnas9lg3UR45Ac+qU8QYPD+2rA01mJjQnTuhVoIZq7VqjG3tJRASkSUmQJiQYDSNRHz5s
1H4xXbl+XT4vAEJBAVQbNxp/vl1cAG9v414opaVQbdpk4axEdOM1VKeliQdjXF3be5cIglXN0pw/
D/WuXcYbfhsyY/R+NDVBtWrVjT1ldA/4ruIQFaL/Z+++45q4/z+AvxJA9lRERBEnDrTaunFPtI6i
dVFHXdVaR9VWW1drrbZqW1e1Q627ilqlalXEPVoHDioOrAsVFyggyE7u90d+3DchuSwCiLyejweP
B8ndfe59d8nl7n2fQURERJQfRt4wlURWb78Nq8aNVX1JvHwJxY4dWv1mCDdvAtWqGVWe4sABKC9f
1nhP5uoK6yFDdN6465WVBUVEhOZ7jo6w7t8f8ipVAADK69eRs22bxk2r4sQJyBs2VE2/elXr6b68
cWNVc43/vwFWXr6sVdNCcfYsrH19DYZo1v6zwHYBQM6ePZo3xDIZrDp3hlXz5oCVFYSkJFU8t26J
syijoiC0aQOZp6fBbROXsdA+FF68gPLSJc3CraxgHRwMef36gEwG4cED5OzYAeHJE/1BKRRQ7Nmj
+Z5cDqugIFXfKLnbv3OnRoJJSEqC4tAhWL39tpFbX8hKwLmKNTiIiIiIiPKjBNw0mENWtqzqZtha
9UxV5ugIq3fe0X7yHx9vVHnKCxegOHZM8007O1U/FGZ0Kqr891+tWgPWXbuKSQBA1Q+GVfv2mvEm
JPyvlkBWFmS+vhp/efuHkNetqxWfkJBgMD5z958ltku4d0+rmYe8USNYtWwp1pKRubmpas2oJ5YE
AcoLFwxumwYL7UPlv/9qfRet2rWDvEEDsSxZhQqwHjjQYEjKK1cgvHihWVbz5rAKDNTc/oEDteJS
XLgA5OQYXEeRKAHnKtbgICIiIiLKD5msRNw4mEreuLHWezJnZ9WoHWlp4nuCEf02CHFxUOQdMcXK
CtYhIWaPYKFe8yC3PHmtWlrzyWvX1urzQXj2DDIPD1UTirfeMrwyZ2fV6Bu5jOgDwtz9Z4ntUsbE
aM1v1bSpdpB2dpBXrQrllSv/W39sLExpKGSpfSjcv5+nYDmsmjTRKsaYjkCVN27kWUgGuY6yYGMD
eYMGmom3jAwoY2Mhr1rV4HoKnUTHrK8TJjiIiIiIiPKDCQ6dZBLDj8qsrKCxt4wY2UH9BjqXVdeu
+bqJFB4/1ozL01PnKCAyNzeU+uorzTclhmcVHj2CcP8+hGfPVImHnBxAECDExZkcn7n7zxLbpauz
TOH+fe0kAgBBLdkCANDXIakRzN2HeWuyyNzcjBsCVyIGjbLc3SUTI7Jq1YA8NYuEuDiACY4iwQQH
EREREVF+yOUlovO+V03eG3mTl897Y67vZthA56XKixehOHxY/2gjhcQS2yW8fKn1Xs7Oncat38xO
NvO9D9PTNV87OppXDgDk3X4nJ8lZdTaP0rH/XgkSibnXCRMcRERERET5UQJuGl5FyshIKAMCVKNs
mCNPPwkya/NujXJ274by9GnzYigIltguM4d7BWBUjZy8LLEPhTzrNfd4AoCQdx+WKiU9s47aMXmX
f2WUgHMVExxERERERPlh4tCkZCGCAMXOnZCPG2f6CCoAZHZ2GrUNjOkLJC/ltWtaN+ay0qVh1bEj
ZBUrqp7uCwKyf/5ZZ7OPgmCJ7YKOG3p5jRpGBmBaMwhL7UOZra1GzRNza5IAquZBglqNEK1aMep0
9KciM+PzWChKwLmKCY5iICEhAdfVOlVydHREgwYNijAiIiIiIhLZ2GhXjyeLkzdqBJmNDRR//y2+
JyQlIWffPlgHB5teoIsLoD48aWqqyUUoz57VfMPGBtZDh0Lm7q75fmE+ObfAdsmcnTX7+ZDLYd2/
v87aCvllsX3o5KTR/4fw4oWqbxxz+p1wddUsKylJsiwhMVHrPZmbm+nrLAw2NkUdQYFjgqMYuHDh
Ajp37iy+7ty5M/bv31+EERERERGRqATcNLwKrHv2BLKzobx2TeOmUhkZCWXt2pD7+5tUnrxiRSju
3RNfC8+fQ3j+XKszSeH5c2QvWqQZy9ChkFepAuHJE433ZV5e2jfmgNaQqwXJEtsl8/MD1EdSUSqh
uHABVs2aSa5XePkSMjP6vbDUPpR5e0NQ2268fAnh3j3IKlUyOSa5ry8Ud+787420NChv3oS8enWt
eZVRUdqx+PmZvM5CUQLOVa9/IxwiIiIiooJUAm4aippVp06qp+elSsGqZ0+t6YqwMJP7jZAHBGiX
c/y41nvK06dVnciq/ck8PVUT846ek5am9Z7w9KlJceWXJbZLXq+eVnMGxcGDupMMggDFkSPIXrIE
QkKC6QFbaB/qSnApjh7VKkthRF8f8jfe0KqtoTh8WHvEmrg4KPMMXywrX/5/n49XTQk4V7EGBxER
ERFRfsjlqhuH7OyijsSw9HRk//KLUbNa9+4NWZkyBRyQ6eTVq0PeoAGUFy+K7wkvXiBn925Yv/uu
0eXIfH0h8/XVeOqvPHcOOS9fQl6zJiCTqfqHuHpVa/0yZ2dVGWXLqppC5Mbx/Dlyfv8dVq1bq5a/
dQuKPEOIAjCrI05jWWS73Nwgb9gQyjNn/jdDRgayf/0V8vr1Ia9cGbCyghAfD2V0tJiAyFmzBtaj
RukeWUQqXgvtQ3n16pC5uamak+Ru940byF65Elb164tlKaOjDcfk5QV5zZpQXrv2v7ju3UP2ihWQ
v/kmZE5OEB4/ViVL8sRh1aaNsZteuGxs2MkoEREREREZwc6ueCQ4AM1q/PpkZRVsIPlg3bUrsv77
T6N/CeXFi1DWrWtSUxXr4GBkr1ihceyUV69q3fyLSpWCVVCQ+FLetCmUN29qzKJ3+f8npKeb3z+E
EfK7XYBqH2ffv6/ZsadCAeX581CeP6+zGCE5GUJcnEkJDovtQ7kcVp07Iyc0VHO+2FjkxMYaHU8u
q549obx/X+MzJjx+DMXevZLLyBs0gLxOHZPXVShe1Y5PLez1T+EQERERERW0Auh8kfRwcIB1165a
byt27jSpw1dZ2bKwGTLEuJs/BwdYDxwIWbly4lvyWrVg1by5/uWsrCDz9tZ8LydHq+8JS8rvdgEA
rK1hM3y4zn4ndLKxgXWfPpDXqmVSrJbch/J69WDVsqXeomQuLpBXrWowLpmzM2xGjDC6w1B5gwbm
dXZbWErIOapE1eBIS0tDmr4hfvSwsrKCnZ0d7OzsICugTKs6pVKJmJgYXLt2DTNnztSYFh4ejgMH
DqBhw4bwyNNZUHGQ+P+dQrnr6Dwov27fvo3r16/j9u3bSEpKQnp6OmxtbeHi4oIKFSqgatWqqF27
NmxfoS94ZmYm/v33X9y6dQv3799HSkoKlEolHB0dUaZMGVSsWBG1a9dGxYoVC+WzJ6UgjxsREVGx
V6pU8Wmm8pqQv/EG5JcuQXnjhviekJKCnD17YN2nj9HlyCpXhs3EiVAcPKhqvpA3QWJvD3ndurBq
3x4yJyet5a3efhsyHx8oDh+G8OyZZtnly8O6e3cIL18iZ+NGjWnKK1dglTepYEH53S4AgJ0drN9/
H8roaChOnVL1waFUas5ja6sqp00bnZ2DGsOS+9AqKAiycuWgOHQIgtpIKJDLIff3V9XMOH0auHXL
YFwyT0/YTJgAxbFjUF68CCE5Oc8MMsgqVoRV69aq5j+vKhsbnUP/vo5kgpC3V5fX188//4wPP/ww
X2W4urqibt26CAgIQOPGjdGsWTPUtOCH+fHjx9i0aRN+/fVX3FA7WUvp2rUrxo4di06dOsHqFR7X
ODU1FUePHsX27dsRGhqKhQsXYuzYsRYp+8WLFwgNDcVvv/2G00Z0GuTu7o4hQ4Zg4MCBeOuttywS
gzkiIyOxadMmrFu3Tkwe6FO/fn0MGjQI/fv3R/ny5QshwoI9bkRERK+d1FRArS8BKoYUCghPnkBI
TQUEATIXF8jKltXqcFOK8PSpqg8IpRKyMmVenT5M8rldovR0CPHxEF6+BORyVTleXhbt28GS+1B4
8kRVlpWVanSW/+9jxOzyEhJU5WVlQebgAHh6mjVyTKFzcVENo1sCMMFhAS1btsTHH3+M7t27w8bM
nmkVCgV+/fVXTJ8+3aibXV0xrFy5Ev4mDo9VkLKzs/HPP/8gLCwM69evxzO1bOyyZcvyfaMsCAJ2
7NiBjz/+GA/MHHrrgw8+wLx581C6dOl8xWKKBw8eYNq0adiwYYNZyzs4OGD69OmYOHEi7O3tLRxd
wR83IiKi15ZSCTx5oj0qBBFRUZHJAAsnoV5lJaqJSkE5ceIETpw4gbZt22L58uWoZWK7s/T0dIwa
NcrsG97cGAIDA7Fp0yZ07tzZ7HLySxAEXLp0Cbt378batWtxR338aAvKzMzElClTsHTp0nyV8+uv
v+LkyZPYvXs3qlSpYqHopB07dgwDBgzAo0ePzC4jLS0N06dPR0REBLZs2QIvL698x1VYx42IiOi1
JpcDjo4anRISERUpR8cSk9wAmOCwqCNHjiAwMBBhYWFo1aqVUcsolUqMHj06X8mNXM+ePUOvXr1w
7NgxNGzYMN/lmeLmzZvYu3cv1q9fj/MSvSpbSnZ2NkaOHGmRfQYAV69eRc+ePXHs2LEC7dPk2LFj
CAoKQkZGhkXKO3r0KN555x3s378frq6uZpVRmMeNiIioRGCCg4heJcWhCY0FlZxUTiFJTExEjx49
cPnyZaPmX7t2LdavX2+x9aelpWHAgAF4rt6hTgF5/Pgx1q1bh86dO6N69eqYMGFCodwkz50712LJ
jVzR0dGYNWuWRctUd//+fQwYMMBiyY1cp0+fxrRp00xapqiOGxERUYlgZQXks50/EZFFODub3s9K
MccaHAUgOTkZw4YNw8mTJ/WO1pGUlGTwptrZ2RnDhw9HgwYN4OrqigcPHmDz5s04deqU5DI3b97E
mjVrMHnyZLO3QZ9///0X33zzDbZs2VIg5etz5swZzJ49W+88NjY2GDlyJOrXrw8PDw88evQIu3bt
QkREhN7lli9fjo8++sjkJkbGmDNnjsFmKd7e3hg4cCACAgLg6OiIp0+f4vDhw9i+fbve5VasWIFh
w4YZ7DC1KI8bERFRieLkpBqxIienqCMhopLK2rrEdCyqjgkONdOnT8egQYN0TsvMzMSzZ89w+fJl
bNiwAZGRkXrLioyMRGhoKAYPHiw5z759+xAXFyc5PSAgAH/88Qdq1Kih8X5ux5hffvml5LLz58/H
iBEjzG66oM/58+eL5CZZEAR8/fXXeucJDAzEhg0bULlyZY33x44di+3bt2PIkCF6hwoOCwuzeILj
7t27WLlypd55PvroI8yZM0drCNYPP/wQ586dw8CBA/WOqrN582aDCY6iOm5EREQljkymGrWgEGrU
EhHp5OKiOheVMGyiosbT0xP+/v46/+rVq4e2bdti/Pjx+Oeff/DDDz8YLG/VqlV6p4eHh+udvnz5
cq3kBqCqoTBr1iz00TO+d3x8PM6cOWMwxuLk0qVL2LNnj+T0qlWrIiwsTCu5kevdd9/Ft99+q3cd
f/31V75i1OXYsWN6pw8cOBCLFy/WSm7katSoEdatW6e3jC1btqAEDYhERET06rOzAxwcijoKIiqJ
HBxU56ASiAkOM1hbW2PixImYOXOm3vlOnDiB+/fvS07X18wkICAALVu2lJwuk8kwceJEves/efKk
3ukFqX79+hYv01BCaO7cuShjYJzsYcOG6a3VcvbsWaSnp5sVn5SoqCi90z/99FNYW+uvTNW0aVP0
6NFDcnpcXJzZQ+WqK4jjRkREVGK5uQE2NkUdBRGVJDY2qnNPCcUERz5MnjwZzgY6kbp+/brO93Ny
cnDz5k3J5Ro3bgyZgSpFjRo1gqenp+T0wu44Mjg4GGvXrkVsbGyBNIU4fvy45DQHBwcEBQUZLMPR
0VFvoiA7OxtJSUlmxSflyZMnktNsbGyMbhLTrl07vdOfPXtmUly5Cvq4ERERlWhubiVqiEYiKkJy
eYlObgDsgyNfXF1d0atXL73NB54+farz/RwDnU7Z29sbXL+1tTWaNWuGXbt26Zz+8OFDg2Xkh4OD
A/r06YNu3bqhdevWGsmWmJgYi65LEAS9NVLatWtndH8jvr6+eqdnZWWZFJshGzZskBwpRyaTQW7k
RU/p0qX1Ts/MzDSqnMI8bkRERCWejQ3g7g6Y+SCCiMho7u4lvtYYExz5VKVKFb3TUyXGQbe1tYWd
nZ3ksKG3bt0yav0+Pj6SN76WromQq1atWti7dy8CAwPh4uJSIOvIKy0tDSkpKZLTK1SoYHRZhpqD
WHqbjE1gGGLoeBpKgBTFcSMiIiIAtraqG4/ExKKOhIheV+7uqnNNCccERz45OjrqnS51My2TydCo
USOcOHFC5/T9+/fj/v37qFixot7yV6xYgRUrVhgXrIU0bdq0UNcHqGodPH78WHK6nQmd6OhrGuTt
7V0gI89YwsWLFyWneXp6wsfHR+/yRXHciIiI6P/l1s5lkoOILM3d/X/nmBKODQLzSd9NNwC46WkD
FRgYqHfZyZMnW7zDy+JKJpPBy8tL8s/YpERqaqrekVi6du1qsRoXlvTgwQP8/vvvktPff/99o5o1
ERERURGytwdKl2afHERkGXK56pzC+wARz675oFQqERERoXeeSpUqSU7r0qWL3mW3bduGfv364e7d
u2bFR9r++OMPJCcnS043dEyKQkpKCsaNGyfZnMnBwQEjR44s5KiIiIjILLa2qhuSEt5OnojyycZG
dS5hsxQNTHDkw6FDh/QOAers7Iw6depITm/RogU6deqkdx27d+9GnTp1MHfuXIsMA1qSJSUl4euv
v5ac7uPj80olOJ4/f44dO3agXbt2CAsLk5xv/vz5qF69eiFGRkRERPliYwN4egIODkUdCREVRw4O
qnMIE6VamOAw0507dzBq1Ci98xhqNiCXy7Fo0SKDQ82mpaVhxowZqFKlCsaOHVvow7++LubPn6+3
/43PP/8cDkVwoREREYF69epp/Hl4eKB06dLo3bs3IiMjJZedNm0aPvroo0KMloiIiCzGzQ3w8AAM
dIBORARAda7w8CjxQ8HqwwSHiZ49e4b169ejWbNmuHPnjuR8dnZ2GDNmjMHyateujdDQUNgYkX3L
zs7G8uXL0bBhQwQFBWH37t1QKBQmxV9S7d27F99++63k9Lp162LYsGGFGNH/vHz5EpcvX9b4SzTQ
AZmdnR2WL1+OOXPmQCaTFVKkREREZHF2dqonsQYeeBFRCefsrDpXmDC4QknEdLGajz/+WLJ2RHp6
Ou7fv4+oqCjJvhDUffnll6hZs6ZR6+3SpQsOHDiAkJAQPHr0yKhlwsPDER4ejlatWmHmzJlo3749
b3Ql3Lx5EyNGjNA7z4oVK4qsk059nYfq0r9/f8ycORO1a9cuoIiIiIioUMlkqpsXBwfg5UvVnyAU
dVREVNRkMsDRUfVnZVXU0RQLTHDksWHDhnyXERISgvHjx5u0TJs2bXDu3DnMmDEDa9euNXq548eP
o2PHjujVqxe+//57+Pn5mRruay0xMREDBgzQmziaPXs2WrRoUYhR5U9UVBQOHjwIX19fODk5FXU4
REREZClWVoCLC+DkBKSlAenpQHZ2UUdFRIXNxkY1MoqDA0ddMhH3loUNGTIEq1evNqs2gI+PD9as
WYOzZ8+iT58+Ji27Y8cONG7c2OCoLiVJeno6hg0bprcPi+DgYHxlgkCWAAAgAElEQVT22WeFGJW2
Hj16mDT/tWvXMGHCBLRo0QKnTp0qoKiIiIioyMjlqiSHpydQpoyqdgc7EyR6vdnYqL7rZcqovvtO
TkxumIF7zEJ8fHywefNm/Pbbb7DLZ7uoRo0aYevWrTh79izGjBljdHnx8fF4++23sXfv3nyt/3WQ
lZWF0aNH6x19pEGDBvj1119RqlSpQoxMm7u7OxwcHDT+jBEVFYUOHTrgwIEDBRwhERERFZlSpf7X
9r5cOdWwkC4uqqe7pUqpOh2Uy1VV2Yno1SWTqb6r1taq7669veq7XLq06rud2xdPEd+bFHdsomIB
Dg4OuHTpEsqUKWPRchs1aoRGjRph5syZ2LZtG5YuXap3FBBA1RFpSEgI/v777xLbR4NCocDkyZOx
fv16yXn8/Pywbds2ix8zc7z99tt4+fKlxnvp6el4/vw5IiMjsX79euzYsUPnshkZGQgODsaZM2cQ
EBBQGOESERFRUZHLAVtb1R8REWlhDQ4LqFChQoF2UFmuXDmMGzcO0dHR2L59O2rVqqV3/uTkZHzy
yScQSmDnVIIgYNasWfjxxx8l5/H09MSOHTtQtWrVQozMNPb29vDx8UHPnj2xfft2rFy5UnLetLQ0
TJs2DUqlshAjJCIiIiIierWwBkcey5Yt03rv6dOnmDNnjuQyN27cwMaNGzFq1KiCDA22trbo3bs3
OnfujM8//1zvTfy+fftw5swZNG3atEBjetUsXLgQ8+bNk5zu6uqKXbt2oUGDBoUYVf7IZDKMGDEC
165dww8//KBznt27d+P8+fNo1KhRIUdHRERERET0amCCQ83ixYsxduxYndNKly6Njz/+WHLZOXPm
oF+/fnBzcyuo8EROTk5YunQpMjIysGrVKsn5Dhw4UKISHD/99BOmTp0qOd3GxgY7duwotvtk2LBh
kgkOAIiIiGCCg4iIiIiISiw2UTHS+++/Dx8fH8npcXFxepsRqIuPj8fVq1cl/zIyMgyWIZPJMHPm
TL3znDt3zqh4XgebN2/GmDFj9M6zceNGtGvXrpAisrw6deqgdOnSktMvXbpUiNEQERERERG9Wpjg
MJKrqyumTZumd55vvvkGT548MVhWWFgY6tSpI/l3/fp1o2Ly9fVFYGCg5HRjyynu9uzZg5CQEL3z
LF26FH379i2kiApOjRo1JKfdu3evECMhIiIiIiJ6tbCJigkGDRqEhQsX4u7duzqnJyYm4scff9Tb
XwegamKiT2JiotEx+fr64tSpUzqnGZNsKe6OHj2KPn366J1n2rRpkk2PCtp///2HxYsXS04PDg5G
hw4djC4vKytLclrekViIiIiIiIhKEiY4TODs7Ixp06bhgw8+kJznu+++w/Dhw+Hn5yc5T/ny5fWu
5+LFi2jbtq1RMSUlJUlOc3d3N6qM4urcuXPo1auX3iY9w4cPx+zZsyErorHhMzMzsWLFCsnpZcqU
MTrBkZ6ejmvXrklO9/LyMjk+IiIiIiKi1wWbqJgoJCQE1apVk5yekZGh94k9oL+ZAQBs2LABmZmZ
BmN58eIFTp8+LTm9UqVKBssorq5cuYKePXvqre3SvXt3LFu2DNbWRZfH09dvC6A61unp6UaVdejQ
IaSlpUlODwgIMCk2IiIiIiKi1wkTHCZydHTEjBkz9M6zZMkSvU/avb299fadcenSJfz0008GY1m/
fr3eG/zXdUSNW7duoWfPnnj06JHkPM2aNcO6detgb29fiJFpc3d3R4sWLSSn37lzB1999RUEQdBb
zrNnz/D555/rnUffZ4qIiIiIiOh1xyYqZujbty/mz5+vN4kxf/58rF27VnL60KFDJfvOAICJEyci
KysLY8eOhYODg8Y0pVKJjRs34tNPP9UbZ/v27fVOL47i4uLwzjvv4NatW5LzVK5cGevWrYOdnZ3R
tSPysrGx0VnzIzk5GRs2bNC5TNeuXVGlShWt9wcMGICTJ09Kruvbb79FcnIyvvjiC53NTC5cuICP
PvoI0dHRkmW4u7ujY8eOktOJiIiIiIhed0xwmMHe3h4zZszAe++9JznPunXrMHbsWDRs2FDn9AED
BuCnn37C+fPnJcuYOnUqli9fjuDgYFSrVg3W1tZ49OgRdu3aZXBI0Bo1ahjdj0dx8fz5c/Tu3Vvv
jT6gqhVhqBmQIVu2bEG/fv203n/x4gXGjRunc5mAgADJBMeSJUtw48YNyfX99NNPWLVqFfr06YM6
derAyckJT58+xfHjx3HixAmD8c6dOxdubm4G5yMiIiIiInpdMcFhpt69e2PBggWIioqSnGfevHn4
448/dHZw6eDggB9++AGtW7fWu5579+5hyZIlJsc3b968Im+eYWlXr17FmTNnijoMSVIdmbq7u+On
n34yWKMmOzsbv//+u8nrbdOmDYYPH27yckRERERERK8T9sFhJltbW0yfPl3vPDt37sSxY8ckp7dq
1Qo///yzpUPDpEmT0Lt3b4uXS/pZWVlJTmvXrh2WL19u8XU2adIEmzZtQqlSpSxeNhERERERUXHC
BEc+vPPOO5JNUHLNmTMHSqVScvqoUaPE/iIs4ZNPPsH8+fMtUhaZxtBQtGPGjMGWLVvg7OxskfV1
69YNf/75p8Fhh4mIiIiIiEoCJjjywcbGxmAtjsOHD2Pv3r165xk8eDAuXbqEd9991+xY/P39ERYW
hoULFxbpsKglmb4aHLn69euHf//9F4MHDzZ7PRUqVMC6desQFhams1NSIiIiIiKikogJjnzq1q0b
mjVrpneer7/+2mA5/v7+2Lp1K86fP48ZM2bAz8/P4DI2Njbo2bMnNm/ejAsXLqBnz55Gx03mycrK
kpyWd7QbKX5+fli3bh2uXLmCr7/+GrVq1TK4jLu7O/r374+wsDDcuHEDgwcPNiqhQkREREREVFLI
BEEQijoI0iYIAu7fv4+YmBh06tRJY9rw4cMxatQo1KxZ02LNHcg4ly5dQoMGDXROe/jwIby9vc0q
9+HDh7hx4wYSEhKQlJQEQRDg4uICFxcXVKpUCdWrV4eNjU1+QiciIiIiInqtsS3DK0omk8HX1xe+
vr5o2rQpTp8+LU57//330ahRoyKMruS6c+eOzvcrV66McuXKmV1u+fLl2ZcGERERERFRPrCJCpEJ
zp49q/P9d99912Ano0RERERERFRwmOAgMlJqaipWr16tc1qPHj0KORoiIiIiIiJSxwQHkZH27duH
+Ph4rfcDAwMRGBhYBBERERERERFRLvbBUQwEBgaicuXK4msXF5cijKZkUigUWLZsmc5ps2bNYvMU
[...]
YoXL2ZzU4zS5kzfd6Y/fcfUYR67OJR8fHyxZskScT30ZuJeI9McAB9Eg5WrgPEVQUJD429Hgg7Gx
sRg7dizGjh3b7bRm6htZR09s29vbxRNgAE5bg6hFR0drnoCon4T1J/VFozKVrKI/9qOtrU0zY0p3
F63daWtr09w8d3cDaTAYNBePjmbKUXQ3I0N4eLgoM64u5gH7C8DunvS7Q5Ikl2Vfz7xpbW3VPP3/
/9m719gq7/uA4z8bsLkYwv1WEm5rCQkBMgdISjuallZZ2rTZsixNyjalitRN3btpUjVpU/cumypN
U9NdtKVNSjvtolRNp1ZJQ0mbbGEkJCGEQLqFJSQBbAfM1WCw8dkLxKNz8PEF7IP5sc9HqoRb+/g5
x+c8Pef7/C8XTmWqZtWqVfHpT386Pv3pT1c8PrX8mw1mC9glS5ZUTF/Yt2/fZTm24doquNxQz321
OleVR8lqH/YunJ5yYcQsv80FCxYMas2a8vVUzm/VXO6aa66peLw2bdrUZ7iYOHFifO5znyv+M5wj
bvoyevToiufbhc+lMWPGFOebhQsXDrhYY/k5p9r5pnyEyNy5cwd8jAdaNHq4j+9ilb++JkyYMODI
v/LXRbURdeWjMxcuXDjg9qnl6260trb2e58Gmo4z0LFdjFq9xsunmezevbvXiKNyzc3NxWtpKGuM
AcPPGhyQWPmbs8EMN+7u7o79+/dHa2trdHR0xJkzZ4qFJMvnLFdz4MCBit9x4WJffVm4cGEx7LPa
UPJamDhxYkyZMqWYevDBBx8UC77V4n588MEHFSvgV5v3fDHa2toqjrGzs3PA4c7lH4LLF/cbqvO7
L7S0tMSxY8eKhTYjoupK+bU2nI9N+dD+urq6mDNnzoC/f/78+RXTQWpxXJeioaEhZsyYUYS2Dz74
IJYuXXpFHFst9Hfuq9W5asmSJTF+/Pg4efJktLS0xAcffFBx5fb9998vRr/Nnj271/Op/Db72or0
Qtdee23UwDNMDQAAIABJREFU19cX92f//v0Vi7eOGjUq1q5dW6y9sGPHjti3b1+sWrUqrr/++pgz
Z86Ib2N53XXXFVfby19zfTly5Ejs378/2tvbo7OzsyLYDHTlv/z2B/t3v1hDOb6LVf6362/XmGrf
X+09wYEDB4p/jxs3bsDzQPltlEqlOHz48KC2yR7o2PramWuwavUa/9Vf/dXYvHlznDp1Krq7u+Nv
/uZvYvny5bF8+fJYtGhRTYIuMPwEDvh/4MiRI7F58+bYvn37JV85KZ/mMWHChAGv1pxXPhS+ry0f
a6E8cJxfUyKiNvej/Pbr6+sHvCo2kAunejz22GMX9fPDsRZGV1dXPP/887F169Y+txEcCcP52JQ/
F8aNGzekrf6uhL/ZpEmTisBR/py8Eo7tcqrVuWrUqFFx8803F1NFXn/99YopEOcXPo2ofkW5fPRF
td1EqhkzZkxMnDix+OBcbRrY+vXr48SJE7F169aIOBeknnrqqXjqqadi3LhxsXjx4li6dGksW7as
4ir65VJ+Xzs7O6NUKlXdcvS1116L5557bkghvPx5P9DWuhdjuI5vpJU/r3fu3FnxnB2MK+VcUKvX
+MSJE+PLX/5ybNy4MY4dOxY9PT2xffv22L59e0Scmza2ZMmSuOmmm4Z8IQOoHYEDrnJvvvlmfO97
36sYWjp69OiYPn16jB8/vrgqdOLEiYppFhca7NzUC5V/b7VpNLXS15SbWtyP8tu/mNvsy/kt8i7V
UEdWHDp0KB599NFim8CIc+Fm6tSp0dTUVFzd7+np6bUORa0N52NT/ncb6nD9kf6bRfQ9PP5KOLbL
qZbnqvLA8dprr1UEjvL1JaotkHqpx1X+4a3aFIFRo0bFPffcE83NzfHss8/Gm2++WVwhP3XqVPFB
9sknn4xbb7011q9fP6hpQMOl/LVVKpWiu7u71/n5+9//frH71XnXXHNNTJo0qeL+v/vuu/1Okxju
c/FwH99IG+qxXSnnglq+xufPnx9//Md/HP/5n/8ZL7zwQkUIOXDgQBw4cCB+/vOfx7x58+LXf/3X
+9yuGBg5AgdcxVpbW+Pxxx8vhtD+yq/8Sqxfvz4WLFjQa7jrrl27+r2yO9Cb7L6Uf+/lfFNd/qGu
/E1NLe5H+e0P9cNkRFSMJGhoaKjYNWIwqu2OMVhdXV3x7W9/u4gb06ZNizvuuCOWLl3a641kZ2dn
/Nmf/dkl/65LMZyPzXDOlx/Jv9l5fX24uxKO7XKq5bnquuuui+nTp8fBgwfjwIEDxTSVAwcOFFN5
Fi9eXHWERvlxXcx5ovyDWH9XqhcsWBAPPvhgnDhxIn75y1/G22+/HXv27CmO68yZM/Hcc8/Fzp07
4ytf+Uq/C80Op/L7WldX12tNmR/84AdFPGhoaIjPfOYzcfPNN1fdRemv//qvK9aXudBwr4Ex3Mc3
0srPBStXrqy6S0h/rpTFNGv9fqSxsTE++clPxu233x7vvvtu/M///E+8/fbb8c477xTP5/fffz/+
4R/+oViTCbhyCBxwFfvZz35WxI0lS5bEgw8+OKh5vNWU7y5x8uTJOHPmzKCunJTvyNLfDhXDrfz3
XrhQ23nDdT/Kb//s2bPR0dExpPtafntdXV1xyy23DGn6xMV4+eWXi/VYJk2aFH/4h394Wf9uAxnO
x6b8fp2fcz2YBT1rfVyXqnz+f/lUhCvh2C6nWp+rmpub4+mnn46Ic8P8b7/99oqh/uU7n5Qrn7o2
2Glf3d3dFdNSBvNabGpqiubm5mKazKFDh+K//uu/4rnnnotSqRTt7e3xz//8z/EHf/AHgzqGobrw
eVk+PaWtra1i+9uHHnqoYoHbi1X+XB+OKZHDfXwjrfz5M2PGjAF3kblSXa73I3V1dRXrLnV3d8eb
b74ZTz/9dLHeyzPPPBMLFy7sd6cr4PKyiwpcxcq3QfvYxz52yXEj4tzc0/M/XyqV+l1dvFz5ImaX
a87qiRMnor29vfh65syZxb9rcT9mzJhR8dgOdY52+cr/pVKp310shlv5KvvNzc1XVNyIGN7H5sLF
8soX4OtLqVSKnp6e6OnpqVgobyT/ZhHnrvKXLxRcft9G+tgut1qfq6rtpnJ+esqFu4aUK991Z6DF
Hc977733KhZTHGgrzGqmTZsWn/3sZ+Nzn/tcxe8vn4JWS+XPt/JdKiKiYgvia6+9dsjxoPz2B/t3
789wH99IKx+BUb4LSTYj9X5k9OjRsWzZsvjqV79ascbLtm3bLvq2gNoROOAqdebMmYoFwQaaHjLQ
kOmGhoaKN3cvv/zygMdw+PDhYsXyiLhsc1XLt2qsr6+v+FBQi/vR0NBQ8TvK5+L3pb9dbyZNmlQR
ZS7nm6fyq55Dfc7UwnA+NmPHjq14k3vhHPtqnnnmmfja174WX/va1+JHP/pRTY7rQoNZu2b37t3F
c6qurq7iw/RIPp9GQq3PVVOnTi1uf//+/bFr167iau4NN9zQ5+um/DbfeeedQe1OU37sc+bM6bWA
8caNG+Phhx+Ohx9+uFgbpC8XXq2/HIsHnz17tuJ8fOEOROXnm8EsgDrQOaf8775v376K0F3NQLuP
DffxjbTyKSlvvfXWFbWA9MWoxWv8nXfeKV5Lf/mXf9nvc2Ps2LEVI7WuxJ2m4P8zgQOuUqNHj64Y
VbB3794+v7ezszOeeeaZAW/zox/9aPHvV199dcAr3j/5yU+Kq9xTpkwptq0civfff7/frfi6urri
F7/4RfH10qVLe33gqMX9KN814ZVXXun3jXVHR0e89NJL/f7OW2+9tfj3tm3bBrxC1dXVFf/yL//S
70Kxg1E+t7m/K3ylUil+/OMfD+l3XarhfGxWrVpV/HvLli1x8uTJPm+nu7s7Xn311eLrCz+s1epv
tnfv3ti1a1ef/3tPT088++yzxdcf+chHeo28Gann00ip9bmq/MPND37wg6r//YUWLVpUMbLmJz/5
Sb+/o6WlpSJGrV27ttf3jBs3Ltrb26O9vT3eeOONfm/vwq05B7vzRH8GioIvvfRSRSRYvnx5n8ew
b9++fgPB1q1bo62trd/ft2jRooo1YzZt2tTv9z/33HP9/u/DfXwj7YYbbigiWalUiieffHLALVt3
794dTz311KC2oh8O5dPn+ju24X6NT548uXgtHTx4sN/3TBce2+VcXwwYmMABV6n6+vqKKxybNm2q
uvjZvn374lvf+lbFG7O+VkpftmxZsd98T09PPP744xXD4s8rlUrxzDPPFMO3IyLuuOOOIU2ROe/k
yZPx2GOPVcylPe/8h7LyuPDxj3/8styP5ubmYtG5s2fPxuOPP141xBw9ejQeffTRii0jq1mzZk1M
nTq1OMbvfOc7fU4tOHbsWHz729+Ol19+OR555JEB35j1Z+HChcW/d+/eXTXEHDt2LL73ve9VzE2P
uHwr7A/nY9Pc3FzcVkdHR2zcuLFiq8nzTp8+Hf/0T/9UXKmbMmVK3HjjjTU7rgtV28Uh4txz7Yc/
/GHFm/tf+7Vf6/V9I/V8Gim1PlctX768+CB2/gP8+PHjY8mSJX3+TF1dXdx5553F16+//nr89Kc/
rfoh7uDBg/H4448XHypnz55dNZ6UB7q33norfvGLX1S9vVKpVBFUxo4dG3Pnzu33Pg7G5s2b+xw5
8vbbb8e///u/F18vXry41xSb8v+P6ujoiCeffLLXeaSrqys2bdoUTzzxRMV/f359qXL19fXxiU98
ovh627Zt8R//8R9Vj2/r1q3x1FNP9XHPanN8I23MmDEVC2Lu2rUrfvjDH/Z57n7ppZdi48aNsXnz
5ti4ceNlOcbykTL9RYvhfo1Pnjy5YlTHE0880ecIl9bW1mJb5oiw/gZcYSwyClex22+/vdjGs7Oz
M775zW/G9ddfHzNnzoyurq7Yv39/1bngPT09cerUqV5Dcuvr6+OLX/xiPPLII3Hy5Mlob2+Pv/qr
v4qVK1fG/Pnzo7GxMY4cORLbt2+P/fv3Fz/X3NxcMW99qPbt2xff+MY34uabb4558+ZFY2NjHDx4
MF5++eWKoaIrV66MRYsW9fr5WtyPxsbG+I3f+I347ne/GxHn3ph94xvfiOXLl8fs2bOjp6cnDhw4
EDt27BhUCBgzZkx86Utfir/927+N7u7u6OjoiEceeSRuuumm4gp9R0dHvPvuu7F9+/ZidfhZs2YN
6YPLbbfdFs8//3wxvenf/u3f4sUXX4x58+bF6NGj4+DBg/Hmm29WffM+ULQZLsP52IwZMybuueee
ePTRR6Onpyf27NkTDz/8cKxatSpmzJgRjY2NxZX08x9kR40aFV/84hd7bS1bq7/ZqFGjoqurK77z
ne/EokWLYtGiRdHU1BRHjx6NHTt2VDznb7rppqrTK0bq+TRSan2uGj9+fCxdurRicdEVK1YMuHjr
0qVLY+3atUUU2LRpU7zxxhuxYsWKmDp1apw5cybefffdePXVV4vRAo2NjXH//fdXXQB3/vz5sWbN
muLD1o9//OPYsmVLrFy5MmbMmBGlUikOHz4cr7zySsXz5FOf+tQlL6h7oSeffDK2bdsWK1asiMmT
J8fp06djz549sWPHjiLQjB49Oj7/+c/3+tlFixbF/Pnzi4j24osvxp49e2Lx4sXR1NQUhw8fjv/+
7/+Ojo6OXj9bvvhquY9+9KPxyiuvFGsh/ehHP4pXXnklli5dGhMmTIjjx4/HG2+8MajRSbU4vpF2
2223xVtvvVVMHdqyZUv88pe/jObm5mKEUXt7e6/XRn+jk4bTtddeW4wefOGFF6KzszPmzJkTx48f
jzvvvLNYpLYWr/EvfOEL8c1vfjNOnz4dbW1t8Rd/8Rdxww03FOfc8+fI1157rXhuT5o0KVavXl3j
RwW4GAIHXMWWLFkSn/nMZ+KnP/1pRJwLF7t27eo13H3cuHFx5513VlyBamtr6zUEP+LcgoW///u/
H//4j/8Yx44di+7u7ti2bVuf8/pvueWW+K3f+q1hu0/z5s2Lurq6eO+992Lr1q0VV1HKzZ8/P+69
994+b6cW92PZsmVx1113FVctT58+XXUExDXXXBOrV68ecFrQtddeG1/5ylfisccei46OjiiVSrFj
x44+1/i4/vrr4/777+/1wftiNDU1xYYNG+Kxxx4rQszevXt7XcWvq6uLu+66K5599tnijXxra2uv
UQ21MpyPzYc//OG477774l//9V/j7NmzcerUqT6Hro8fPz4eeOCBipEutTqu82699dY4duxYvP76
6/G///u/RbSs9rvvu+++Pm9nJJ5PI6nW56rm5uZB7Z5yoc9//vNRV1dXjCw4cOBAn1eqJ0yYEF/+
8pdjzpw5fd7e3XffHadPn47t27dHxLkPp5s3b+7z+9euXVt1lM+lWLNmTbz00kuxb9++PrdHra+v
j/vvv7/qfairqyvC2/mr5YcOHaq6psHNN98cXV1dxWPeV6Cor6+PBx98MP7u7/6uuKL//vvvV138
+ROf+ET8/Oc/7/P+1eL4rgQPPPBAPPHEE8Vrob29vc//P2poaIj77ruvz8Vzh9vq1avjhRdeiLNn
z0apVKpYX+OOO+6oiIjD/RqfOXNmPPjgg/Hd7343Tp48GT09PbFz586K13m5SZMmxUMPPTSo9VmA
y2fU17/+9a+P9EEA55R/eJk2bdqAb5i3bNlSXDW//vrri+Ga5RYtWhRz586NlpaWXleZxowZE83N
zfG7v/u7sWDBgtiyZUtx1fCaa66pWJCsXFNTU3HF4tChQ1X3oV+wYEH85m/+Zqxbt65iW8BLsWfP
nmKkyezZs+Ohhx6KhoaGaGlp6fW7x48fH+vWrYt77713wA9mtbgf8+fPj4ULF0ZLS0uvK3gNDQ2x
atWq2LBhQ9TX1xdTPPr7W0+ePLk4xoMHD1Y9xqlTp8Ydd9wRd911V9X7fLHPq2nTpsWNN94Y7e3t
vd7I19XVxYc//OHYsGFDLFu2LPbu3VtMbzp79mzFkPnBOnz4cPEmtq6uLtavXz+onxuOx+a8OXPm
xIoVK+L48eNx+PDhXvPNx4wZE6tXr44HHnhgwJ0shuO4yp/zN954Y3zhC1+ISZMmRUtLS8XiwRHn
AuW6devit3/7twd8zo/E82kwanHui6jtuWrq1KnxwgsvRHd3d0ydOjU++9nPDurn6+rqYsmSJbFo
0aI4cuRI1el2EyZMiFtvvTU2bNhQsQtONfX19XHTTTfFjBkz4vDhw31uj7p48eK45557Yu3atZd8
Tu7p6Ymf/exnxdd33313rFmzJg4fPlx1OP/ChQvjd37nd/pdtHXs2LHR3NwcnZ2d0dLS0uu1N2vW
rLj77rtj/fr1ceLEiWKnp2PHjsXHP/7xqqNmGhsb45Zbbomurq5obW3tNeJs1qxZxWNR/sF+9erV
MXny5JodX3d3d8V6OWvWrKnYjeNCra2tRYBsbGyMdevW9fm9ERFvvPFGEcs+9KEP9Rmc6+vr48Yb
b4z58+fHkSNH4ujRo72mNo0aNSqWLVsWGzZsqBp0S6VSxRon1R67cm1tbcU0kTFjxsTtt99e9fua
mpri2muvjT179vRaYPlTn/pUr6klw/0anzJlSqxcuTK6u7vj4MGDVUdcTpgwIdauXRsPPPBATJky
pd/bAy6/utJAqwsBV4329vZoa2uL7u7uaGpqijlz5gx5oblSqRStra1x7NixOHPmTEyYMCFmzJjR
a7X/oXj66aeLN9Uf+chH4qGHHip+d0tLSxw5ciR6enpi0qRJMXfu3AGHiV+u+3H+Sl9XV1c0NTXF
3Llzh3Q1vFQqRVtbWxw9ejQ6OzujsbExpk+fHtOmTbvk2xxIR0dHHDhwIE6dOhXjx4+PmTNnFmuN
XEmG87Hp6uqKlpaWOHHiRPT09MTEiRNj7ty5lzSkvxZ/s9bW1jh8+HCcPXt2yM/5y/18GkmX41x1
KU6ePBltbW1x4sSJGDNmTEyaNClmzZp1yWsWdXR0RGtra7FgblNTU8yaNWtYrjJ3d3fHn/zJnxRf
f/WrXy1G+p08ebI4V4wdOzZmzJjR74f3arq6umLfvn3FYzF16tSKrU0vxfnpmMePH4+GhoaYPn16
sR7N6dOn40//9E+L7/2jP/qjXttH1/r4rgSnTp2K1tbWYmTXxIkTY/bs2cOyEO2lOnv2bLz33ntx
/PjxaGxsjJkzZ/YbUCKG/zXe09MTra2tcfTo0Thz5kw0NDQUf/OhXrgBakfgAK54fQUOAC6f/gJH
Rnv37o1vfetbxdd//ud/broBQHJ2UQEA4Kqxc+fOaG1tHfD7ytdImjdvnrgBcBWwyCgAAFeFt99+
O77//e/HuHHj4ktf+lKfa0lt27YtXnzxxeLr22677XIdIgA1JHAAAHBV2LlzZ5w9ezZOnDgRf//3
fx833HBDrFixIqZPnx51dXVx8ODBePXVV2P37t3FzyxYsCCam5tH8KgBGC4CBwAAV4U777wzOjs7
i+kn1bZGL3fdddfF7/3e713yoq4AXFkEDgAArgqjRo2Ke++9N5YvXx7PP/98vPXWW722do04t7vM
unXr4mMf+9gl7UIEwJXJLirAFa+trS0OHjwYEefelF533XUjfEQA//+USqWKqR0LFy684hfmPH36
dOzduzcOHToUZ86ciXHjxsWcOXPiQx/6kFEbAFchgQMAAABIT7oGAAAA0hM4AAAAgPQEDgAAACA9
gQMAAABIT+AAAAAA0hM4AAAAgPQEDgAAACA9gQMAAABIT+AAAAAA0hM4AAAAgPQEDgAAACA9gQMA
AABIT+AAAAAA0hM4AAAAgPQEDgAAACA9gQMAAABIT+AAAAAA0hM4AAAAgPQEDgAAACA9gQMAAABI
T+AAAAAA0hM4AAAAgPQEDgAAACA9gQMAAABIT+AAAAAA0hM4AAAAgPQEDgAAACA9gQMAAABIT+AA
AAAA0hM4AAAAgPQEDgAAACA9gQMAAABIT+AAAAAA0hM4AAAAgPQEDgAAACA9gQMAAABIT+AAAAAA
0hM4AAAAgPQEDgAAACA9gQMAAABIT+AAAAAA0hM4AAAAgPQEDgAAACA9gQMAAABIT+AAAAAA0hM4
AAAAgPQEDgAAACA9gQMAAABIT+AAAAAA0hM4AAAAgPQEDgAAACA9gQMAAABIT+AAAAAA0hM4AAAA
gPQEDgAAACA9gQMAAABIT+AAAAAA0hM4AAAAgPQEDgAAACA9gQMAAABIT+AAAAAA0hM4AAAAgPQE
DgAAACA9gQMAAABIT+AAAAAA0hM4AAAAgPQEDgAAACA9gQMAAABIT+AAAAAA0hM4AAAAgPQEDgAA
ACA9gQMAAABIT+AAAAAA0hM4AAAAgPQEDgAAACA9gQMAAABIT+AAAAAA0hM4AAAAgPQEDgAAACA9
gQMAAABIT+AAAAAA0hM4AAAAgPQEDgAAACA9gQMAAABIT+AAAAAA0hM4AAAAgPQEDgAAACA9gQMA
AABIT+AAAAAA0hM4AAAAgPQEDgAAACA9gQMAAABIT+AAAAAA0hM4AAAAgPQEDgAAACA9gQMAAABI
T+AAAAAA0hM4AAAAgPQEDgAAACA9gQMAAABIT+AAAAAA0hM4AAAAgPQEDgAAACA9gQMAAABIT+AA
AAAA0hM4AAAAgPQEDgAAACA9gQMAAABIT+AAAAAA0hM4AAAAgPQEDgAAACA9gQMAAABIT+AAAAAA
0hM4AAAAgPQEDgAAACA9gQMAAABIT+AAAAAA0hM4AAAAgPQEDgAAACA9gQMAAABIT+AAAAAA0hM4
AAAAgPQEDgAAACA9gQMAAABIT+AAAAAA0hM4AAAAgPQEDgAAACA9gQMAAABIT+AAAAAA0hM4AAAA
gPQEDgAAACA9gQMAAABIT+AAAAAA0hM4AAAAgPQEDgAAACA9gQMAAABIT+AAAAAA0hM4AAAAgPQE
DgAAACA9gQMAAABIT+AAAAAA0hM4AAAAgPQEDgAAACA9gQMAAABIT+AAAAAA0hM4AAAAgPQEDgAA
ACA9gQMAAABIT+AAAAAA0hM4AAAAgPQEDgAAACA9gQMAAABIT+AAAAAA0hM4AAAAgPQEDgAAACA9
gQMAAABIT+AAAAAA0hM4AAAAgPQEDgAAACA9gQMAAABIT+AAAAAA0hM4AAAAgPQEDgAAACA9gQMA
AABIT+AAAAAA0hM4AAAAgPQEDgAAACA9gQMAAABIT+AAAAAA0hM4AAAAgPQEDgAAACA9gQMAAABI
T+AAAAAA0hM4AAAAgPQEDgAAACA9gQMAAABIT+AAAAAA0hM4AAAAgPQEDgAAACA9gQMAAABIT+AA
AAAA0hM4AAAAgPQEDgAAACA9gQMAAABIT+AAAAAA0hM4AAAAgPQEDgAAACA9gQMAAABIT+AAAAAA
0hM4AAAAgPQEDgAAACA9gQMAAABIT+AAAAAA0hM4AAAAgPQEDgAAACA9gQMAAABIT+AAAAAA0hM4
AAAAgPQEDgAAACA9gQMAAABIT+AAAAAA0hM4AAAAgPQEDgAAACA9gQMAAABIT+AAAAAA0hM4AAAA
gPQEDgAAACA9gQMAAABIT+AAAAAA0hM4AAAAgPQEDgAAACA9gQMAAABIT+AAAAAA0hM4AAAAgPQE
DgAAACA9gQMAAABIT+AAAAAA0hM4AAAAgPQEDgAAACA9gQMAAABIT+AAAAAA0hM4AAAAgPQEDgAA
ACA9gQMAAABIT+AAAAAA0hM4AAAAgPQEDgAAACA9gQMAAABIT+AAAAAA0hM4AAAAgPQEDgAAACA9
gQMAAABIT+AAAAAA0hM4AAAAgPQEDgAAACA9gQMAAABIT+AAAAAA0hM4AAAAgPQEDgAAACA9gQMA
AABIT+AAAAAA0hM4AAAAgPQEDgAAACA9gQMAAABIT+AAAAAA0hM4AAAAgPQEDgAAACA9gQMAAABI
T+AAAAAA0hM4AAAAgPQEDgAAACA9gQMAAABIT+AAAAAA0hM4AAAAgPQEDgAAACA9gQMAAABIT+AA
AAAA0hM4AAAAgPQEDgAAACA9gQMAAABIT+AAAAAA0hM4AAAAgPQEDgAAACA9gQMAAABIT+AAAAAA
0hM4AAAAgPQEDgAAACA9gQMAAABIT+AAAAAA0hM4AAAAgPQEDgAAACA9gQMAAABIT+AAAAAA0hM4
AAAAgPQEDgAAACA9gQMAAABIT+AAAAAA0hM4AAAAgPQEDgAAACA9gQMAAABIT+AAAAAA0hM4AAAA
gPQEDgAAACA9gQMAAABIT+AAAAAA0hM4AAAAgPQEDgAAACA9gQMAAABIT+AAAAAA0hM4AAAAgPQE
DgAAACA9gQMAAABIT+AAAAAA0hM4AAAAgPQEDgAAACA9gQMAAABIT+AAAAAA0hM4AAAAgPQEDgAA
ACA9gQMAAABIT+AAAAAA0hM4AAAAgPQEDgAAACA9gQMAAABIT+AAAAAA0hM4AAAAgPQEDgAAACA9
gQMAAABIT+AAAAAA0hM4AAAAgPQEDgAAACA9gQMAAABIT+AAAAAA0hM4AAAAgPQEDgAAACA9gQMA
AABIT+AAAAAA0hM4AAAAgPQEDgAAACA9gQMAAABIT+AAAAAA0hM4AAAAgPQEDgAAACA9gQMAAABI
T+AAAAAA0hM4AAAAgPQEDgAAACA9gQMAAABIT+AAAAAA0hM4AAAAgPQEDgAAACA9gQMAAABIT+AA
AAAA0hM4AAAAgPQEDgAAACA9gQMAAABIT+AAAAAA0hM4AAAAgPQEDgAAACA9gQMAAABIT+AAAAAA
0hM4AAAAgPQEDgAAACA9gQMAAABIT+AAAAAA0hM4AAAAgPQEDgAAACA9gQMAAABIT+AAAAAA0hM4
AAAAgPQEDgAAACA9gQMAAABIT+AAAAAA0hM4AAAAgPQEDgAAACA9gQMAAABIT+AAAAAA0hM4AAAA
gPQEDgAAACA9gQMAAABIT+AAAAAA0hM4AAAAgPQEDgAAACA9gQMAAABIT+AAAAAA0hM4AAAAgPQE
DgBhizDlAAAUeUlEQVQAACA9gQMAAABIT+AAAAAA0hM4AAAAgPQEDgAAACA9gQMAAABIT+AAAAAA
0hM4AAAAgPQEDgAAACA9gQMAAABIT+AAAAAA0hM4AAAAgPQEDgAAACA9gQMAAABIT+AAAAAA0hM4
AAAAgPQEDgAAACA9gQMAAABIT+AAAAAA0hM4AAAAgPQEDgAAACA9gQMAAABIT+AAAAAA0hM4AAAA
gPQEDgAAACA9gQMAAABIT+AAAAAA0hM4AAAAgPQEDgAAACA9gQMAAABIT+AAAAAA0hM4AAAAgPQE
DgAAACA9gQMAAABIT+AAAAAA0hM4AAAAgPQEDgAAACA9gQMAAABIT+AAAAAA0hM4AAAAgPQEDgAA
ACA9gQMAAABIT+AAAAAA0hM4AAAAgPQEDgAAACA9gQMAAABIT+AAAAAA0hM4AAAAgPQEDgAAACA9
gQMAAABIT+AAAAAA0hM4AAAAgPQEDgAAACA9gQMAAABIT+AAAAAA0hM4AAAAgPQEDgAAACA9gQMA
AABIT+AAAAAA0hM4AAAAgPQEDgAAACA9gQMAAABIT+AAAAAA0hM4AAAAgPQEDgAAACA9gQMAAABI
T+AAAAAA0hM4AAAAgPQEDgAAACA9gQMAAABIT+AAAAAA0hM4AAAAgPQEDgAAACA9gQMAAABIT+AA
AAAA0hM4AAAAgPQEDgAAACA9gQMAAABIT+AAAAAA0hM4AAAAgPQEDgAAACA9gQMAAABIT+AAAAAA
0hM4AAAAgPQEDgAAACA9gQMAAABIT+AAAAAA0hM4AAAAgPQEDgAAACA9gQMAAABIT+AAAAAA0hM4
AAAAgPQEDgAAACA9gQMAAABIT+AAAAAA0hM4AAAAgPQEDgAAACA9gQMAAABIT+AAAAAA0hM4AAAA
gPQEDgAAACA9gQMAAABIT+AAAAAA0hM4AAAAgPQEDgAAACA9gQMAAABIT+AAAAAA0hM4AAAAgPQE
DgAAACA9gQMAAABIT+AAAAAA0hM4AAAAgPQEDgAAACA9gQMAAABIT+AAAAAA0hM4AAAAgPQEDgAA
ACA9gQMAAABIT+AAAAAA0hM4AAAAgPQEDgAAACA9gQMAAABIT+AAAAAA0hM4AAAAgPQEDgAAACA9
gQMAAABIT+AAAAAA0hM4AAAAgPQEDgAAACA9gQMAAABIT+AAAAAA0hM4AAAAgPQEDgAAACA9gQMA
AABIT+AAAAAA0hM4AAAAgPQEDgAAACA9gQMAAABIT+AAAAAA0hM4AAAAgPQEDgAAACA9gQMAAABI
T+AAAAAA0hM4AAAAgPQEDgAAACA9gQMAAABIT+AAAAAA0hM4AAAAgPQEDgAAACA9gQMAAABIT+AA
AAAA0hM4AAAAgPQEDgAAACA9gQMAAABIT+AAAAAA0hM4AAAAgPQEDgAAACA9gQMAAABIT+AAAAAA
0hM4AAAAgPQEDgAAACA9gQMAAABIT+AAAAAA0hM4AAAAgPQEDgAAACA9gQMAAABIT+AAAAAA0hM4
AAAAgPQEDgAAACA9gQMAAABIT+AAAAAA0hM4AAAAgPQEDgAAACA9gQMAAABIT+AAAAAA0hM4AAAA
gPQEDgAAACA9gQMAAABIT+AAAAAA0hM4AAAAgPQEDgAAACA9gQMAAABIT+AAAAAA0hM4AAAAgPQE
DgAAACA9gQMAAABIT+AAAAAA0hM4AAAAgPQEDgAAACA9gQMAAABIT+AAAAAA0hM4AAAAgPQEDgAA
ACA9gQMAAABIT+AAAAAA0hM4AAAAgPQEDgAAACA9gQMAAABIT+AAAAAA0hM4AAAAgPQEDgAAACA9
gQMAAABIT+AAAAAA0hM4AAAAgPQEDgAAACA9gQMAAABIT+AAAAAA0hM4AAAAgPQEDgAAACA9gQMA
AABIT+AAAAAA0hM4AAAAgPQEDgAAACA9gQMAAABIT+AAAAAA0hM4AAAAgPQEDgAAACA9gQMAAABI
T+AAAAAA0hM4AAAAgPQEDgAAACA9gQMAAABIT+AAAAAA0hM4AAAAgPQEDgAAACA9gQMAAABIT+AA
AAAA0hM4AAAAgPQEDgAAACA9gQMAAABIT+AAAAAA0hM4AAAAgPQEDgAAACA9gQMAAABIT+AAAAAA
0hM4AAAAgPQEDgAAACA9gQMAAABIT+AAAAAA0hM4AAAAgPQEDgAAACA9gQMAAABIT+AAAAAA0hM4
AAAAgPQEDgAAACA9gQMAAABIT+AAAAAA0hM4AAAAgPQEDgAAACA9gQMAAABIT+AAAAAA0hM4AAAA
gPQEDgAAACA9gQMAAABIT+AAAAAA0hM4AAAAgPQEDgAAACA9gQMAAABIT+AAAAAA0hM4AAAAgPQE
DgAAACA9gQMAAABIT+AAAAAA0hM4AAAAgPQEDgAAACA9gQMAAABIT+AAAAAA0hM4AAAAgPQEDgAA
ACA9gQMAAABIT+AAAAAA0hM4AAAAgPQEDgAAACA9gQMAAABIT+AAAAAA0hM4AAAAgPQEDgAAACA9
gQMAAABIT+AAAAAA0hM4AAAAgPQEDgAAACA9gQMAAABIT+AAAAAA0hM4AAAAgPQEDgAAACA9gQMA
AABIT+AAAAAA0hM4AAAAgPQEDgAAACA9gQMAAABIT+AAAAAA0hM4AAAAgPQEDgAAACA9gQMAAABI
T+AAAAAA0hM4AAAAgPQEDgAAACA9gQMAAABIT+AAAAAA0hM4AAAAgPQEDgAAACA9gQMAAABIT+AA
AAAA0hM4AAAAgPQEDgAAACC9uogojfRBAAAAAAyFERwAAABAegIHAAAAkJ7AAQAAAKQncAAAAADp
CRwAAABAegIHAAAAkJ7AAQAAAKQncAAAAADpCRwAAABAegIHAAAAkJ7AAQAAAKQncAAAAADpCRwA
AABAegIHAAAAkJ7AAQAAAKQncAAAAADpCRwAAABAegIHAAAAkJ7AAQAAAKQncAAAAADpCRwAAABA
egIHAAAAkJ7AAQAAAKQncAAAAADpCRwAAABAegIHAAAAkJ7AAQAAAKQncADwf+3d30vW9//H8efl
5e+1j9EVawouxuCKRVAxJuhOJA/Vw4wdzR31P8QGX6hTd9hxQduYByOowA5inZShB1OKbVhDyNI1
ZuiQ6/LSy8vPwUg++5ptK/V9vdftBh2lvh+HF/fr/Xq/AQAg9QQOAAAAIPUEDgAAACD1BA4AAAAg
9QQOAAAAIPUEDgAAACD1BA4AAAAg9QQOAAAAIPUEDgAAACD1BA4AAAAg9QQOAAAAIPUEDgAAACD1
BA4AAAAg9QQOAAAAIPUEDgAAACD1BA4AAAAg9WqTHgC8vFwuF8eOHYuIiImJiZifn094EQAAQDIy
EbGe9Ajgn+vr64uenp5obm6OiIhCoRBffPFFzMzMJLwMeJ1lMpmor6/f+JfNZiOTyURExPr6eqyt
rcXKysrGv/V1H0MAgO0hcEDK5PP5GBwcjFwut+n/pqamYmhoKIFVwOssk8lEQ0NDNDU1xZ49e6K1
tTXa2triwIED8Z///Cdqa/+4YbRcLsfvv/8eT548idnZ2Zibm4ulpaUoFApiB7ArcrlcDAwMbNwB
Ww0mJiZieHjYnbiwDQQOSIlcLheDg4ORz+df+HOnT5/epUXA6+5Z2GhpaYnDhw/H8ePH4+DBg9HY
2Pi3fn95eTmmp6djfHw8Hjx4EIuLi1EqlYQOYEfkcrn47LPPNu5+rSaFQiHOnTsncsAr8gwOqHLN
zc1x4sSJ6O/vT3oKwIba2tpoaWmJjo6O6Orqiv3790dNzT97dnljY2O8//77cejQofjtt9/i9u3b
MTY2FouLi1Eul3doOfC6OnXqVFXGjYg/Pu+dOnUqzp8/n/QUSDWBA6pYZ2dn9Pf3P/c4CkBS6urq
4siRI9Hb2xttbW2RzWZf6e/V1NTEW2+9Ff39/fHBBx/EtWvX4t69e7G6urpNiwEijh49mvSEF6r2
fZAGAgdUofb29hgYGPjL4ygAu62mpib6+/uju7s7GhoatvVvZ7PZaG9vj08//TRu3rwZly9fjkql
sq3XAKhm7e3tHhgPr0DggCrS3NwcJ0+ejK6urqSnADzXxx9/HJ2dnVFXV7dj12hoaIgTJ05EU1NT
fPnllzt2HYBq09TUlPQESDWBA6pET09P9PX1Ve3ZUOD1VlNTsytx45m6urro7OyMiIivv/7anRwA
wF8SOCBh+Xw+BgYGor29PekpAM9VV1cX/f39uxY3/ve6nZ2dUSwW48qVK57JAQC8kMABCanG97AD
/H+1tbVx5MiR6O7u3tW48UxdXV10d3fH9PR03L1719tVAIAtCRyQgL6+vujp6XEcBahqmUwmWlpa
ore3d9sfKPpPNDQ0RG9vbzx8+DCePn0a6+vriW0BAKqXwAG76NixYzEwMOC1r0AqNDQ0REdHR7S1
tSU9Jdra2qKjoyO+++67WF5eTnoOAFCFBA7YBblcLgYHB732FUiNZ3dvdHV1RTabTXpOZLPZ6Orq
iu+//z6ePHniLg4AYBOBA3ZQc3PzxnEUgDRpbGyMw4cPx/79+5OesmH//v3x3nvvxcLCgrs4AIBN
BA7YIZ2dnTEwMOA5G0AqNTU1xfHjx6OmpibpKRtqamriww8/jB9++EHgAAA2EThgm+Xz+ejv73cc
BUitTCYTb7zxRhw8eDDpKZu8++67sWfPnlhYWHBMBQD4E4EDtklzc3OcPHkyurq6kp4C8Erq6+uj
tbU1Ghsbk56ySWNjY7S2tsavv/4apVIp6TkAQBUROGAbeO0r8G9SX19fFW9O2UpbW1v8+OOPAgcA
8CcCB7yCfD4fg4ODXvsK/KvU19fHgQMHkp6xpX379kVtrY8wAMCf+XQAL+mTTz5xHAX4V8pms9HS
0pL0jC3t3btX4AAANqmeR6NDiuTzeXED+NfKZDKRzWaTnrGlhoaGqnq7CwBQHXw6gJdw6NChpCcA
AADwPwQOeAkTExNJTwDYMevr67G2tpb0jC2VSqWoVCpJzwAAqozAAS9hZmYmRkdHk54BsCPW1tZi
cXEx6RlbWlhYiHK5nPQMAKDKCBzwki5cuBBDQ0Px6NGjpKcAbKuVlZV48uRJ0jO29PTpU4EDANhE
4IBXMDU1FWfPno3h4eEoFotJzwHYFisrKzE7O5v0jC3Nzs7GyspK0jMAgCojcMA2uHHjRpw5cyZu
3LiR9BSAV7ayshJzc3OxvLyc9JRNlpeXY25uTuAAADYROGCbFAqFGB4ejnPnzsXU1FTScwBe2vr6
eiwtLcX09HTSUzaZnp6OpaWlWF9fT3oKAFBlBA7YZjMzMzE0NBQXL16M+fn5pOcAvJRisRjj4+NV
9baSSqUS4+PjjgQCAM8lcMAOuX37dpw7dy6uXr2a9BSAf6xUKsWDBw+qKtTOz8/Hzz//HKVSKekp
AEAVEjhgBxUKhbhy5UqcOXMmJicnk54D8Letr6/H4uJi3Lp1K9bW1pKeE2tra3Hr1q1YWFhwPAUA
eC6BA3bB/Px8nD9/PoaGhqrq21CAFymVSjE2NlYVb1R5/PhxjI2NuXsDANiSwAG7aGpqKs6cORNX
r151hhyoes/u4rh27VqiYWF5eTm+/fZbd28AAC8kcEACnh1bGR0dTXoKwAuVy+W4d+9e3Lx5M1ZX
V3f9+qurqzEyMhL379+viqMyAED1EjggIYVCIS5cuBBDQ0Px6NGjpOcAbGl1dTUuX74cd+7ciXK5
vGvXLZfLcefOnbh+/fquXhcASCeBAxI2NTUVZ8+ejYsXLzq2AlStSqUSly5ditHR0V25k2N1dTVG
R0fj0qVLVfWqWgCgetUmPQD4w+3bt2NiYiL6+vqip6cn6TkAz/XVV19FoVCI7u7uaGho2JFrLC8v
x8jISFy/fn1H/j4A8O8kcEAVKRQKMTw8HKOjozEwMBD5fD7pSQB/UqlU4sqVKzE9PR29vb3R1tYW
2Wx2W/722tpaPH78OL799tu4f/++OzeA1467eeHVCBxQhWZmZmJoaCiOHTsWAwMDkcvlkp4EsGF1
dTXu3r0bDx8+jI6Ojvjoo48il8tFTc3LnXytVCoxPz8ft27dirGxsVhYWPBAUeC1NDMzk/QESLVs
RPxf0iOA5/vll19idHQ0yuVytLe3R11d3V/+ztWrV3dhGfC6q1Qqsby8HDMzMzE5ORmPHj2K+vr6
ePPNN6O29u99f7K8vBz379+PkZGRGBkZiZ9++imWlpbcuQHsiHfeeSfefvvtpGdsaXJyMsbHx5Oe
AamWiQgvlIcUyOVycerUqTh69OgLf+706dO7tAjgD5lMJhoaGqKpqSn27NkTra2t0dbWFvv27Yu9
e/duPKujVCrFwsJCPH36NGZnZ2Nubi6WlpaiWCxGqVSK9XUfSYCdk8vl4vPPP4+mpqakp2xSLBbj
7NmzMT8/n/QUSDWBA1Imn8/H4ODgc4+tTE5Oxvnz5xNYBfCHTCYT9fX1UV9fH7W1tVFbW7txdKVS
qUS5XI5yuRwrKyuxsrIiagC76u9+YbSbJicn45tvvhE3YBsIHJBSPT090d/fv/EtRLFYjKGhIWc3
AQD+hvb29kTv5igWiz63wTYTOCDFmpubo7OzM4rFYkxMTEShUEh6EgAAQCIEDgAAACD1Xu59bgAA
AABVROAAAAAAUk/gAAAAAFJP4AAAAABST+AAAAAAUk/gAAAAAFJP4AAAAABST+AAAAAAUk/gAAAA
AFJP4AAAAABST+AAAAAAUk/gAAAAAFJP4AAAAABST+AAAAAAUk/gAAAAAFJP4AAAAABST+AAAAAA
Uk/gAAAAAFJP4AAAAABST+AAAAAAUk/gAAAAAFJP4AAAAABST+AAAAAAUk/gAAAAAFJP4AAAAABS
T+AAAAAAUk/gAAAAAFJP4AAAAABST+AAAAAAUk/gAAAAAFJP4AAAAABST+AAAAAAUk/gAAAAAFJP
4AAAAABST+AAAAAAUk/gAAAAAFJP4AAAAABST+AAAAAAUk/gAAAAAFJP4AAAAABST+AAAAAAUk/g
AAAAAFLvv9R2Y0tgZrzkAAAAAElFTkSuQmCC
" width="800px"&gt;</msg>
<status status="PASS" starttime="20230606 17:54:46.754" endtime="20230606 17:54:47.270"/>
</kw>
<status status="PASS" starttime="20230606 17:54:41.007" endtime="20230606 17:54:47.270"/>
</kw>
<tag>cancelamento</tag>
<status status="PASS" starttime="20230606 17:53:01.949" endtime="20230606 17:54:47.271"/>
</test>
<status status="PASS" starttime="20230606 17:53:01.489" endtime="20230606 17:54:47.273"/>
</suite>
<statistics>
<total>
<stat pass="1" fail="0" skip="0">All Tests</stat>
</total>
<tag>
<stat pass="1" fail="0" skip="0">cancelamento</stat>
</tag>
<suite>
<stat pass="1" fail="0" skip="0" id="s1" name="LinkPagamento">LinkPagamento</stat>
</suite>
</statistics>
<errors>
</errors>
</robot>
